[11/19/2020, 5:16:31 PM] error: uncaughtException: config is not defined
ReferenceError: config is not defined
    at Server.<anonymous> (/home/iryna/Desktop/Full-stack-open-2020/part4/index.js:59:41)
    at Object.onceWrapper (events.js:420:28)
    at Server.emit (events.js:314:20)
    at emitListeningNT (net.js:1351:10)
    at processTicksAndRejections (internal/process/task_queues.js:83:21)
[11/19/2020, 5:18:56 PM] error: uncaughtException: config is not defined
ReferenceError: config is not defined
    at Server.<anonymous> (/home/iryna/Desktop/Full-stack-open-2020/part4/index.js:59:41)
    at Object.onceWrapper (events.js:420:28)
    at Server.emit (events.js:314:20)
    at emitListeningNT (net.js:1351:10)
    at processTicksAndRejections (internal/process/task_queues.js:83:21)
[11/19/2020, 5:20:22 PM] error: uncaughtException: config is not defined
ReferenceError: config is not defined
    at Server.<anonymous> (/home/iryna/Desktop/Full-stack-open-2020/part4/index.js:59:41)
    at Object.onceWrapper (events.js:420:28)
    at Server.emit (events.js:314:20)
    at emitListeningNT (net.js:1351:10)
    at processTicksAndRejections (internal/process/task_queues.js:83:21)
[11/19/2020, 5:49:43 PM] error: uncaughtException: app is not defined
ReferenceError: app is not defined
    at Object.<anonymous> (/home/iryna/Desktop/Full-stack-open-2020/part4/controllers/blogs.js:4:1)
    at Module._compile (internal/modules/cjs/loader.js:1015:30)
    at Object.Module._extensions..js (internal/modules/cjs/loader.js:1035:10)
    at Module.load (internal/modules/cjs/loader.js:879:32)
    at Function.Module._load (internal/modules/cjs/loader.js:724:14)
    at Module.require (internal/modules/cjs/loader.js:903:19)
    at require (internal/modules/cjs/helpers.js:74:18)
    at Object.<anonymous> (/home/iryna/Desktop/Full-stack-open-2020/part4/index.js:11:13)
    at Module._compile (internal/modules/cjs/loader.js:1015:30)
    at Object.Module._extensions..js (internal/modules/cjs/loader.js:1035:10)
    at Module.load (internal/modules/cjs/loader.js:879:32)
    at Function.Module._load (internal/modules/cjs/loader.js:724:14)
    at Function.executeUserEntryPoint [as runMain] (internal/modules/run_main.js:60:12)
    at internal/main/run_main_module.js:17:47
[11/19/2020, 6:01:00 PM] error: uncaughtException: app.listen is not a function
TypeError: app.listen is not a function
    at Object.<anonymous> (/home/iryna/Desktop/Full-stack-open-2020/part4/index.js:39:5)
    at Module._compile (internal/modules/cjs/loader.js:1015:30)
    at Object.Module._extensions..js (internal/modules/cjs/loader.js:1035:10)
    at Module.load (internal/modules/cjs/loader.js:879:32)
    at Function.Module._load (internal/modules/cjs/loader.js:724:14)
    at Function.executeUserEntryPoint [as runMain] (internal/modules/run_main.js:60:12)
    at internal/main/run_main_module.js:17:47
[11/19/2020, 6:08:36 PM] error: uncaughtException: app.listen is not a function
TypeError: app.listen is not a function
    at Object.<anonymous> (/home/iryna/Desktop/Full-stack-open-2020/part4/index.js:39:5)
    at Module._compile (internal/modules/cjs/loader.js:1015:30)
    at Object.Module._extensions..js (internal/modules/cjs/loader.js:1035:10)
    at Module.load (internal/modules/cjs/loader.js:879:32)
    at Function.Module._load (internal/modules/cjs/loader.js:724:14)
    at Function.executeUserEntryPoint [as runMain] (internal/modules/run_main.js:60:12)
    at internal/main/run_main_module.js:17:47
[11/19/2020, 6:20:32 PM] error: uncaughtException: mongoose is not defined
ReferenceError: mongoose is not defined
    at Object.<anonymous> (/home/iryna/Desktop/Full-stack-open-2020/part4/app.js:17:1)
    at Module._compile (internal/modules/cjs/loader.js:1015:30)
    at Object.Module._extensions..js (internal/modules/cjs/loader.js:1035:10)
    at Module.load (internal/modules/cjs/loader.js:879:32)
    at Function.Module._load (internal/modules/cjs/loader.js:724:14)
    at Module.require (internal/modules/cjs/loader.js:903:19)
    at require (internal/modules/cjs/helpers.js:74:18)
    at Object.<anonymous> (/home/iryna/Desktop/Full-stack-open-2020/part4/index.js:1:13)
    at Module._compile (internal/modules/cjs/loader.js:1015:30)
    at Object.Module._extensions..js (internal/modules/cjs/loader.js:1035:10)
    at Module.load (internal/modules/cjs/loader.js:879:32)
    at Function.Module._load (internal/modules/cjs/loader.js:724:14)
    at Function.executeUserEntryPoint [as runMain] (internal/modules/run_main.js:60:12)
    at internal/main/run_main_module.js:17:47
[11/19/2020, 6:20:56 PM] error: uncaughtException: mongoose is not defined
ReferenceError: mongoose is not defined
    at Object.<anonymous> (/home/iryna/Desktop/Full-stack-open-2020/part4/app.js:17:1)
    at Module._compile (internal/modules/cjs/loader.js:1015:30)
    at Object.Module._extensions..js (internal/modules/cjs/loader.js:1035:10)
    at Module.load (internal/modules/cjs/loader.js:879:32)
    at Function.Module._load (internal/modules/cjs/loader.js:724:14)
    at Module.require (internal/modules/cjs/loader.js:903:19)
    at require (internal/modules/cjs/helpers.js:74:18)
    at Object.<anonymous> (/home/iryna/Desktop/Full-stack-open-2020/part4/index.js:1:13)
    at Module._compile (internal/modules/cjs/loader.js:1015:30)
    at Object.Module._extensions..js (internal/modules/cjs/loader.js:1035:10)
    at Module.load (internal/modules/cjs/loader.js:879:32)
    at Function.Module._load (internal/modules/cjs/loader.js:724:14)
    at Function.executeUserEntryPoint [as runMain] (internal/modules/run_main.js:60:12)
    at internal/main/run_main_module.js:17:47
[11/19/2020, 6:23:06 PM] error: uncaughtException: mongoose is not defined
ReferenceError: mongoose is not defined
    at Object.<anonymous> (/home/iryna/Desktop/Full-stack-open-2020/part4/app.js:25:1)
    at Module._compile (internal/modules/cjs/loader.js:1015:30)
    at Object.Module._extensions..js (internal/modules/cjs/loader.js:1035:10)
    at Module.load (internal/modules/cjs/loader.js:879:32)
    at Function.Module._load (internal/modules/cjs/loader.js:724:14)
    at Module.require (internal/modules/cjs/loader.js:903:19)
    at require (internal/modules/cjs/helpers.js:74:18)
    at Object.<anonymous> (/home/iryna/Desktop/Full-stack-open-2020/part4/index.js:1:13)
    at Module._compile (internal/modules/cjs/loader.js:1015:30)
    at Object.Module._extensions..js (internal/modules/cjs/loader.js:1035:10)
    at Module.load (internal/modules/cjs/loader.js:879:32)
    at Function.Module._load (internal/modules/cjs/loader.js:724:14)
    at Function.executeUserEntryPoint [as runMain] (internal/modules/run_main.js:60:12)
    at internal/main/run_main_module.js:17:47
[11/19/2020, 7:33:58 PM] error: uncaughtException: Router.use() requires a middleware function
TypeError: Router.use() requires a middleware function
    at Function.use (/home/iryna/Desktop/Full-stack-open-2020/part4/node_modules/express/lib/router/index.js:451:11)
    at Object.<anonymous> (/home/iryna/Desktop/Full-stack-open-2020/part4/app.js:34:5)
    at Module._compile (internal/modules/cjs/loader.js:1015:30)
    at Object.Module._extensions..js (internal/modules/cjs/loader.js:1035:10)
    at Module.load (internal/modules/cjs/loader.js:879:32)
    at Function.Module._load (internal/modules/cjs/loader.js:724:14)
    at Module.require (internal/modules/cjs/loader.js:903:19)
    at require (internal/modules/cjs/helpers.js:74:18)
    at Object.<anonymous> (/home/iryna/Desktop/Full-stack-open-2020/part4/index.js:1:13)
    at Module._compile (internal/modules/cjs/loader.js:1015:30)
    at Object.Module._extensions..js (internal/modules/cjs/loader.js:1035:10)
    at Module.load (internal/modules/cjs/loader.js:879:32)
    at Function.Module._load (internal/modules/cjs/loader.js:724:14)
    at Function.executeUserEntryPoint [as runMain] (internal/modules/run_main.js:60:12)
    at internal/main/run_main_module.js:17:47
[11/19/2020, 7:48:31 PM] error: uncaughtException: app is not defined
ReferenceError: app is not defined
    at Object.<anonymous> (/home/iryna/Desktop/Full-stack-open-2020/part4/app.js:13:1)
    at Module._compile (internal/modules/cjs/loader.js:1015:30)
    at Object.Module._extensions..js (internal/modules/cjs/loader.js:1035:10)
    at Module.load (internal/modules/cjs/loader.js:879:32)
    at Function.Module._load (internal/modules/cjs/loader.js:724:14)
    at Module.require (internal/modules/cjs/loader.js:903:19)
    at require (internal/modules/cjs/helpers.js:74:18)
    at Object.<anonymous> (/home/iryna/Desktop/Full-stack-open-2020/part4/index.js:1:13)
    at Module._compile (internal/modules/cjs/loader.js:1015:30)
    at Object.Module._extensions..js (internal/modules/cjs/loader.js:1035:10)
    at Module.load (internal/modules/cjs/loader.js:879:32)
    at Function.Module._load (internal/modules/cjs/loader.js:724:14)
    at Function.executeUserEntryPoint [as runMain] (internal/modules/run_main.js:60:12)
    at internal/main/run_main_module.js:17:47
[11/19/2020, 7:48:56 PM] error: uncaughtException: app is not defined
ReferenceError: app is not defined
    at Object.<anonymous> (/home/iryna/Desktop/Full-stack-open-2020/part4/app.js:13:1)
    at Module._compile (internal/modules/cjs/loader.js:1015:30)
    at Object.Module._extensions..js (internal/modules/cjs/loader.js:1035:10)
    at Module.load (internal/modules/cjs/loader.js:879:32)
    at Function.Module._load (internal/modules/cjs/loader.js:724:14)
    at Module.require (internal/modules/cjs/loader.js:903:19)
    at require (internal/modules/cjs/helpers.js:74:18)
    at Object.<anonymous> (/home/iryna/Desktop/Full-stack-open-2020/part4/index.js:1:13)
    at Module._compile (internal/modules/cjs/loader.js:1015:30)
    at Object.Module._extensions..js (internal/modules/cjs/loader.js:1035:10)
    at Module.load (internal/modules/cjs/loader.js:879:32)
    at Function.Module._load (internal/modules/cjs/loader.js:724:14)
    at Function.executeUserEntryPoint [as runMain] (internal/modules/run_main.js:60:12)
    at internal/main/run_main_module.js:17:47
[11/19/2020, 7:50:14 PM] error: uncaughtException: app is not defined
ReferenceError: app is not defined
    at Object.<anonymous> (/home/iryna/Desktop/Full-stack-open-2020/part4/app.js:13:1)
    at Module._compile (internal/modules/cjs/loader.js:1015:30)
    at Object.Module._extensions..js (internal/modules/cjs/loader.js:1035:10)
    at Module.load (internal/modules/cjs/loader.js:879:32)
    at Function.Module._load (internal/modules/cjs/loader.js:724:14)
    at Module.require (internal/modules/cjs/loader.js:903:19)
    at require (internal/modules/cjs/helpers.js:74:18)
    at Object.<anonymous> (/home/iryna/Desktop/Full-stack-open-2020/part4/index.js:1:13)
    at Module._compile (internal/modules/cjs/loader.js:1015:30)
    at Object.Module._extensions..js (internal/modules/cjs/loader.js:1035:10)
    at Module.load (internal/modules/cjs/loader.js:879:32)
    at Function.Module._load (internal/modules/cjs/loader.js:724:14)
    at Function.executeUserEntryPoint [as runMain] (internal/modules/run_main.js:60:12)
    at internal/main/run_main_module.js:17:47
[11/19/2020, 7:50:27 PM] error: uncaughtException: app is not defined
ReferenceError: app is not defined
    at Object.<anonymous> (/home/iryna/Desktop/Full-stack-open-2020/part4/app.js:13:1)
    at Module._compile (internal/modules/cjs/loader.js:1015:30)
    at Object.Module._extensions..js (internal/modules/cjs/loader.js:1035:10)
    at Module.load (internal/modules/cjs/loader.js:879:32)
    at Function.Module._load (internal/modules/cjs/loader.js:724:14)
    at Module.require (internal/modules/cjs/loader.js:903:19)
    at require (internal/modules/cjs/helpers.js:74:18)
    at Object.<anonymous> (/home/iryna/Desktop/Full-stack-open-2020/part4/index.js:1:13)
    at Module._compile (internal/modules/cjs/loader.js:1015:30)
    at Object.Module._extensions..js (internal/modules/cjs/loader.js:1035:10)
    at Module.load (internal/modules/cjs/loader.js:879:32)
    at Function.Module._load (internal/modules/cjs/loader.js:724:14)
    at Function.executeUserEntryPoint [as runMain] (internal/modules/run_main.js:60:12)
    at internal/main/run_main_module.js:17:47
[11/19/2020, 7:51:08 PM] error: uncaughtException: app is not defined
ReferenceError: app is not defined
    at Object.<anonymous> (/home/iryna/Desktop/Full-stack-open-2020/part4/app.js:13:1)
    at Module._compile (internal/modules/cjs/loader.js:1015:30)
    at Object.Module._extensions..js (internal/modules/cjs/loader.js:1035:10)
    at Module.load (internal/modules/cjs/loader.js:879:32)
    at Function.Module._load (internal/modules/cjs/loader.js:724:14)
    at Module.require (internal/modules/cjs/loader.js:903:19)
    at require (internal/modules/cjs/helpers.js:74:18)
    at Object.<anonymous> (/home/iryna/Desktop/Full-stack-open-2020/part4/index.js:1:13)
    at Module._compile (internal/modules/cjs/loader.js:1015:30)
    at Object.Module._extensions..js (internal/modules/cjs/loader.js:1035:10)
    at Module.load (internal/modules/cjs/loader.js:879:32)
    at Function.Module._load (internal/modules/cjs/loader.js:724:14)
    at Function.executeUserEntryPoint [as runMain] (internal/modules/run_main.js:60:12)
    at internal/main/run_main_module.js:17:47
[11/19/2020, 7:54:18 PM] info: {}
[11/19/2020, 7:54:18 PM] info: GET 404 /api/blogs {} body {} size 28 - 29.093 ms

[11/19/2020, 7:55:03 PM] info: {}
[11/19/2020, 7:55:03 PM] info: GET 404 / {} body {} size 28 - 5.936 ms

[11/19/2020, 7:55:41 PM] info: {}
[11/19/2020, 7:55:42 PM] info: GET 200 /api/blogs {} body {} size 221 - 206.841 ms

[11/20/2020, 8:34:06 PM] info: {}
[11/20/2020, 8:45:31 PM] info: {}
[11/20/2020, 8:47:03 PM] info: {}
[11/20/2020, 9:27:36 PM] info: {}
[11/20/2020, 9:28:45 PM] info: {}
[11/21/2020, 2:25:04 PM] info: {}
[11/21/2020, 2:25:09 PM] info: GET 200 /api/blogs {} body {} size 2 - 4861.735 ms

[11/21/2020, 3:18:27 PM] info: {}
[11/21/2020, 3:18:27 PM] info: GET 304 /api/blogs {} body {} size - - 182.178 ms

[11/21/2020, 3:18:27 PM] info: {}
[11/21/2020, 3:18:27 PM] info: GET 404 /favicon.ico {} body {} size 28 - 3.101 ms

[11/21/2020, 3:22:23 PM] info: {}
[11/21/2020, 3:22:25 PM] info: GET 200 /api/blogs {} body {} size 2 - 1431.111 ms

[11/21/2020, 3:22:25 PM] info: {}
[11/21/2020, 3:22:25 PM] info: GET 200 /api/blogs {} body {} size 2 - 134.473 ms

[11/21/2020, 3:22:25 PM] info: {}
[11/21/2020, 3:22:25 PM] info: GET 400 /api/blogs/:id {} body {} size 27 - 14.194 ms

[11/21/2020, 3:25:06 PM] info: {}
[11/21/2020, 3:25:11 PM] info: {}
[11/21/2020, 3:25:13 PM] info: GET 200 /api/blogs {} body {} size 2 - 6359.434 ms

[11/21/2020, 3:25:13 PM] info: GET 200 /api/blogs {} body {} size 2 - 1488.333 ms

[11/21/2020, 3:25:13 PM] info: {}
[11/21/2020, 3:25:13 PM] info: GET 400 /api/blogs/:id {} body {} size 27 - 13.677 ms

[11/21/2020, 3:26:09 PM] info: {}
[11/21/2020, 3:28:09 PM] info: GET - /api/blogs {} body {} size - - - ms

[11/21/2020, 3:31:28 PM] info: {}
[11/21/2020, 3:31:33 PM] info: {}
[11/21/2020, 3:31:35 PM] info: GET 200 /api/blogs {} body {} size 2 - 6878.618 ms

[11/21/2020, 3:31:35 PM] info: GET 200 /api/blogs {} body {} size 2 - 2063.115 ms

[11/21/2020, 3:31:35 PM] info: {}
[11/21/2020, 3:31:35 PM] info: GET 400 /api/blogs/:id {} body {} size 27 - 13.814 ms

[11/21/2020, 4:05:00 PM] info: {}
[11/21/2020, 4:05:05 PM] info: {}
[11/21/2020, 4:05:08 PM] info: GET 200 /api/blogs {} body {} size 2 - 7396.095 ms

[11/21/2020, 4:05:08 PM] info: GET 200 /api/blogs {} body {} size 2 - 2558.694 ms

[11/21/2020, 4:05:08 PM] info: {}
[11/21/2020, 4:05:08 PM] info: GET 400 /api/blogs/:id {} body {} size 27 - 14.292 ms

[11/21/2020, 4:57:25 PM] info: {}
[11/21/2020, 4:57:30 PM] info: {}
[11/21/2020, 4:57:35 PM] info: {}
[11/21/2020, 4:57:35 PM] info: GET 400 /api/blogs/:id {} body {} size 27 - 23.341 ms

[11/21/2020, 4:59:25 PM] info: GET - /api/blogs {} body {} size - - - ms

[11/21/2020, 4:59:30 PM] info: GET - /api/blogs {} body {} size - - - ms

[11/21/2020, 5:08:44 PM] info: {}
[11/21/2020, 5:08:49 PM] info: GET 200 /api/blogs {} body {} size 2 - 5739.779 ms

[11/21/2020, 5:08:50 PM] info: {}
[11/21/2020, 5:08:50 PM] info: GET 200 /api/blogs {} body {} size 424 - 274.993 ms

[11/21/2020, 5:08:51 PM] info: {}
[11/21/2020, 5:08:51 PM] info: GET 400 /api/blogs/:id {} body {} size 27 - 18.382 ms

[11/21/2020, 5:09:58 PM] info: {}
[11/21/2020, 5:10:00 PM] info: GET 200 /api/blogs {} body {} size 2 - 2012.927 ms

[11/21/2020, 5:10:01 PM] info: {}
[11/21/2020, 5:10:01 PM] info: GET 200 /api/blogs {} body {} size 850 - 132.188 ms

[11/21/2020, 5:10:01 PM] info: {}
[11/21/2020, 5:10:02 PM] info: GET 400 /api/blogs/:id {} body {} size 27 - 22.272 ms

[11/21/2020, 5:17:49 PM] info: {}
[11/21/2020, 5:17:51 PM] info: GET 200 /api/blogs {} body {} size 2 - 2146.794 ms

[11/21/2020, 5:17:51 PM] info: {}
[11/21/2020, 5:17:52 PM] info: GET 200 /api/blogs {} body {} size 424 - 137.241 ms

[11/21/2020, 5:17:52 PM] info: {}
[11/21/2020, 5:17:52 PM] info: GET 400 /api/blogs/:id {} body {} size 27 - 26.029 ms

[11/21/2020, 5:56:37 PM] info: {}
[11/21/2020, 5:56:38 PM] info: GET 200 /api/blogs {} body {} size 2 - 885.496 ms

[11/21/2020, 5:56:39 PM] info: {}
[11/21/2020, 5:56:39 PM] info: GET 200 /api/blogs {} body {} size 850 - 162.910 ms

[11/21/2020, 5:56:39 PM] info: {}
[11/21/2020, 5:56:39 PM] info: GET 400 /api/blogs/:id {} body {} size 27 - 16.324 ms

[11/21/2020, 5:59:01 PM] info: {}
[11/21/2020, 5:59:01 PM] info: GET 200 /api/blogs {} body {} size 850 - 164.251 ms

[11/21/2020, 5:59:02 PM] info: {}
[11/21/2020, 5:59:02 PM] info: GET 200 /api/blogs {} body {} size 850 - 132.239 ms

[11/21/2020, 5:59:03 PM] info: {}
[11/21/2020, 5:59:03 PM] info: GET 400 /api/blogs/:id {} body {} size 27 - 16.498 ms

[11/21/2020, 6:04:19 PM] info: {}
[11/21/2020, 6:04:23 PM] info: GET 200 /api/blogs {} body {} size 2 - 3412.873 ms

[11/21/2020, 6:04:23 PM] info: {}
[11/21/2020, 6:04:24 PM] info: GET 200 /api/blogs {} body {} size 850 - 137.820 ms

[11/21/2020, 6:04:24 PM] info: {}
[11/21/2020, 6:04:24 PM] info: GET 400 /api/blogs/:id {} body {} size 27 - 13.864 ms

[11/21/2020, 6:05:17 PM] info: {}
[11/21/2020, 6:05:18 PM] info: GET 200 /api/blogs {} body {} size 850 - 158.132 ms

[11/21/2020, 6:05:18 PM] info: {}
[11/21/2020, 6:05:18 PM] info: GET 200 /api/blogs {} body {} size 850 - 132.263 ms

[11/21/2020, 6:05:19 PM] info: {}
[11/21/2020, 6:05:19 PM] info: GET 400 /api/blogs/:id {} body {} size 27 - 18.667 ms

[11/21/2020, 6:06:24 PM] info: {}
[11/21/2020, 6:06:25 PM] info: GET 200 /api/blogs {} body {} size 2 - 921.183 ms

[11/21/2020, 6:06:25 PM] info: {}
[11/21/2020, 6:06:26 PM] info: GET 200 /api/blogs {} body {} size 850 - 129.254 ms

[11/21/2020, 6:06:26 PM] info: {}
[11/21/2020, 6:06:26 PM] info: GET 400 /api/blogs/:id {} body {} size 27 - 21.953 ms

[11/21/2020, 6:07:49 PM] info: {}
[11/21/2020, 6:07:51 PM] info: GET 200 /api/blogs {} body {} size 2 - 1502.174 ms

[11/21/2020, 6:07:51 PM] info: {}
[11/21/2020, 6:07:52 PM] info: GET 200 /api/blogs {} body {} size 850 - 138.319 ms

[11/21/2020, 6:07:52 PM] info: {}
[11/21/2020, 6:07:52 PM] info: GET 400 /api/blogs/:id {} body {} size 27 - 14.990 ms

[11/21/2020, 6:09:04 PM] info: {}
[11/21/2020, 6:09:10 PM] info: GET 200 /api/blogs {} body {} size 2 - 6062.778 ms

[11/21/2020, 6:09:10 PM] info: {}
[11/21/2020, 6:09:10 PM] info: GET 200 /api/blogs {} body {} size 424 - 161.164 ms

[11/21/2020, 6:09:11 PM] info: {}
[11/21/2020, 6:09:11 PM] info: GET 400 /api/blogs/:id {} body {} size 27 - 18.076 ms

[11/21/2020, 6:13:14 PM] info: {}
[11/21/2020, 6:13:17 PM] info: GET 200 /api/blogs {} body {} size 2 - 3492.775 ms

[11/21/2020, 6:13:18 PM] info: {}
[11/21/2020, 6:13:18 PM] info: GET 200 /api/blogs {} body {} size 850 - 124.801 ms

[11/21/2020, 6:13:19 PM] info: {}
[11/21/2020, 6:13:19 PM] info: GET 400 /api/blogs/:id {} body {} size 27 - 15.559 ms

[11/21/2020, 6:14:21 PM] info: {}
[11/21/2020, 6:14:24 PM] info: GET 200 /api/blogs {} body {} size 2 - 2626.939 ms

[11/21/2020, 6:14:24 PM] info: {}
[11/21/2020, 6:14:24 PM] info: GET 200 /api/blogs {} body {} size 850 - 137.207 ms

[11/21/2020, 6:14:25 PM] info: {}
[11/21/2020, 6:14:25 PM] info: GET 400 /api/blogs/:id {} body {} size 27 - 16.165 ms

[11/21/2020, 6:15:40 PM] info: {}
[11/21/2020, 6:15:44 PM] info: GET 200 /api/blogs {} body {} size 2 - 3665.301 ms

[11/21/2020, 6:15:45 PM] info: {}
[11/21/2020, 6:15:45 PM] info: GET 200 /api/blogs {} body {} size 850 - 139.493 ms

[11/21/2020, 6:15:46 PM] info: {}
[11/21/2020, 6:15:46 PM] info: GET 400 /api/blogs/:id {} body {} size 27 - 24.125 ms

[11/21/2020, 6:17:19 PM] info: {}
[11/21/2020, 6:17:20 PM] info: GET 200 /api/blogs {} body {} size 2 - 370.038 ms

[11/21/2020, 6:17:20 PM] info: {}
[11/21/2020, 6:17:20 PM] info: GET 200 /api/blogs {} body {} size 850 - 148.758 ms

[11/21/2020, 6:17:21 PM] info: {}
[11/21/2020, 6:17:21 PM] info: GET 400 /api/blogs/:id {} body {} size 27 - 18.615 ms

[11/21/2020, 6:19:21 PM] info: {}
[11/21/2020, 6:19:28 PM] info: GET 200 /api/blogs {} body {} size 2 - 6845.828 ms

[11/21/2020, 6:19:28 PM] info: {}
[11/21/2020, 6:19:28 PM] info: GET 200 /api/blogs {} body {} size 424 - 141.017 ms

[11/21/2020, 6:19:29 PM] info: {}
[11/21/2020, 6:19:29 PM] info: GET 400 /api/blogs/:id {} body {} size 27 - 14.256 ms

[11/21/2020, 6:21:13 PM] info: {}
[11/21/2020, 6:21:18 PM] info: GET 200 /api/blogs {} body {} size 2 - 4590.162 ms

[11/21/2020, 6:21:19 PM] info: {}
[11/21/2020, 6:21:19 PM] info: GET 200 /api/blogs {} body {} size 850 - 140.150 ms

[11/21/2020, 6:21:20 PM] info: {}
[11/21/2020, 6:21:20 PM] info: GET 400 /api/blogs/:id {} body {} size 27 - 17.643 ms

[11/21/2020, 6:22:20 PM] info: {}
[11/21/2020, 6:22:21 PM] info: GET 200 /api/blogs {} body {} size 850 - 170.801 ms

[11/21/2020, 6:22:57 PM] info: {}
[11/21/2020, 6:22:58 PM] info: GET 200 /api/blogs {} body {} size 2 - 1000.555 ms

[11/21/2020, 6:22:59 PM] info: {}
[11/21/2020, 6:22:59 PM] info: GET 200 /api/blogs {} body {} size 850 - 136.813 ms

[11/21/2020, 6:23:00 PM] info: {}
[11/21/2020, 6:23:00 PM] info: GET 400 /api/blogs/:id {} body {} size 27 - 18.113 ms

[11/21/2020, 6:24:10 PM] info: {}
[11/21/2020, 6:24:11 PM] info: GET - /api/blogs {} body {} size - - - ms

[11/21/2020, 6:24:12 PM] info: {}
[11/21/2020, 6:24:13 PM] info: GET 200 /api/blogs {} body {} size 221 - 614.550 ms

[11/21/2020, 6:24:13 PM] info: {}
[11/21/2020, 6:24:13 PM] info: GET 404 /favicon.ico {} body {} size 28 - 4.476 ms

[11/21/2020, 6:25:10 PM] info: {}
[11/21/2020, 6:25:10 PM] info: GET 200 /api/blogs {} body {} size 211 - 228.821 ms

[11/21/2020, 6:25:11 PM] info: {}
[11/21/2020, 6:25:11 PM] info: GET 200 /api/blogs {} body {} size 850 - 130.432 ms

[11/21/2020, 6:25:12 PM] info: {}
[11/21/2020, 6:25:12 PM] info: GET 400 /api/blogs/:id {} body {} size 27 - 15.979 ms

[11/21/2020, 6:26:07 PM] info: {}
[11/21/2020, 6:26:07 PM] info: GET 200 /api/blogs {} body {} size 850 - 166.979 ms

[11/21/2020, 6:26:08 PM] info: {}
[11/21/2020, 6:26:08 PM] info: GET 200 /api/blogs {} body {} size 850 - 131.813 ms

[11/21/2020, 6:26:09 PM] info: {}
[11/21/2020, 6:26:09 PM] info: GET 400 /api/blogs/:id {} body {} size 27 - 23.356 ms

[11/21/2020, 6:40:06 PM] info: {}
[11/21/2020, 6:40:06 PM] info: GET 200 /api/blogs {} body {} size 850 - 167.159 ms

[11/21/2020, 6:40:07 PM] info: {}
[11/21/2020, 6:40:07 PM] info: GET 200 /api/blogs {} body {} size 850 - 130.756 ms

[11/21/2020, 6:40:08 PM] info: {}
[11/21/2020, 6:40:08 PM] info: GET 400 /api/blogs/:id {} body {} size 27 - 24.939 ms

[11/21/2020, 6:40:08 PM] info: {}
[11/21/2020, 6:41:10 PM] info: {}
[11/21/2020, 6:41:11 PM] info: GET 200 /api/blogs {} body {} size 2 - 544.333 ms

[11/21/2020, 6:41:12 PM] info: {}
[11/21/2020, 6:41:12 PM] info: GET 200 /api/blogs {} body {} size 850 - 155.525 ms

[11/21/2020, 6:41:12 PM] info: {}
[11/21/2020, 6:41:13 PM] info: GET 400 /api/blogs/:id {} body {} size 27 - 22.117 ms

[11/21/2020, 6:41:13 PM] info: {}
[11/21/2020, 6:41:13 PM] info: POST 201 /api/blogs {} body {"title":"Hello","author":"Lolik","url":"http/..","likes":8} size 92 - 144.898 ms

[11/21/2020, 6:41:46 PM] info: {}
[11/21/2020, 6:41:46 PM] info: GET 200 /api/blogs {} body {} size 850 - 186.477 ms

[11/21/2020, 6:41:47 PM] info: {}
[11/21/2020, 6:41:47 PM] info: GET 200 /api/blogs {} body {} size 850 - 132.238 ms

[11/21/2020, 6:41:48 PM] info: {}
[11/21/2020, 6:41:48 PM] info: GET 400 /api/blogs/:id {} body {} size 27 - 25.880 ms

[11/21/2020, 6:41:48 PM] info: {}
[11/21/2020, 6:41:49 PM] info: POST 201 /api/blogs {} body {"title":"Hello","author":"Lolik","url":"http/..","likes":8} size 92 - 159.054 ms

[11/21/2020, 6:41:49 PM] info: {}
[11/21/2020, 6:41:49 PM] info: GET 200 /api/blogs {} body {} size 943 - 139.373 ms

[11/21/2020, 6:42:43 PM] info: {}
[11/21/2020, 6:42:43 PM] info: GET 200 /api/blogs {} body {} size 850 - 165.853 ms

[11/21/2020, 6:42:44 PM] info: {}
[11/21/2020, 6:42:44 PM] info: GET 200 /api/blogs {} body {} size 850 - 142.038 ms

[11/21/2020, 6:42:45 PM] info: {}
[11/21/2020, 6:42:45 PM] info: GET 400 /api/blogs/:id {} body {} size 27 - 27.367 ms

[11/21/2020, 6:42:46 PM] info: {}
[11/21/2020, 6:42:46 PM] info: POST 201 /api/blogs {} body {"title":"Hello","author":"Lolik","url":"http/..","likes":8} size 92 - 167.705 ms

[11/21/2020, 6:42:46 PM] info: {}
[11/21/2020, 6:42:46 PM] info: GET 200 /api/blogs {} body {} size 943 - 133.279 ms

[11/21/2020, 6:43:25 PM] info: {}
[11/21/2020, 6:43:26 PM] info: GET 200 /api/blogs {} body {} size 2 - 1535.926 ms

[11/21/2020, 6:43:27 PM] info: {}
[11/21/2020, 6:43:27 PM] info: GET 200 /api/blogs {} body {} size 850 - 130.648 ms

[11/21/2020, 6:43:28 PM] info: {}
[11/21/2020, 6:43:28 PM] info: GET 400 /api/blogs/id {} body {} size 27 - 21.926 ms

[11/21/2020, 6:43:29 PM] info: {}
[11/21/2020, 6:43:29 PM] info: POST 201 /api/blogs {} body {"title":"Hello","author":"Lolik","url":"http/..","likes":8} size 92 - 145.888 ms

[11/21/2020, 6:43:29 PM] info: {}
[11/21/2020, 6:43:29 PM] info: GET 200 /api/blogs {} body {} size 943 - 140.335 ms

[11/21/2020, 6:46:54 PM] info: {}
[11/21/2020, 6:46:54 PM] info: GET 200 /api/blogs {} body {} size 850 - 167.746 ms

[11/21/2020, 6:46:55 PM] info: {}
[11/21/2020, 6:46:55 PM] info: GET 400 /api/blogs/:id {} body {} size 27 - 30.876 ms

[11/21/2020, 6:46:56 PM] info: {}
[11/21/2020, 6:46:56 PM] info: POST 201 /api/blogs {} body {"title":"Hello","author":"Lolik","url":"http/..","likes":8} size 92 - 144.754 ms

[11/21/2020, 6:46:56 PM] info: {}
[11/21/2020, 6:46:56 PM] info: GET 200 /api/blogs {} body {} size 943 - 141.576 ms

[11/21/2020, 6:50:17 PM] info: {}
[11/21/2020, 6:50:17 PM] info: GET 200 /api/blogs {} body {} size 850 - 166.825 ms

[11/21/2020, 6:50:18 PM] info: {}
[11/21/2020, 6:50:18 PM] info: GET 400 /api/blogs/1 {} body {} size 27 - 26.564 ms

[11/21/2020, 6:50:18 PM] info: {}
[11/21/2020, 6:50:19 PM] info: POST 201 /api/blogs {} body {"title":"Hello","author":"Lolik","url":"http/..","likes":8} size 92 - 150.809 ms

[11/21/2020, 6:50:19 PM] info: {}
[11/21/2020, 6:50:19 PM] info: GET 200 /api/blogs {} body {} size 943 - 139.801 ms

[11/21/2020, 6:51:54 PM] info: {}
[11/21/2020, 6:51:54 PM] info: GET 200 /api/blogs {} body {} size 850 - 165.118 ms

[11/21/2020, 6:51:55 PM] info: {}
[11/21/2020, 6:51:55 PM] info: GET 500 /api/blogs/5a422aa71b54a676234d17f8 {} body {} size 340 - 171.853 ms

[11/21/2020, 6:51:55 PM] info: {}
[11/21/2020, 6:51:56 PM] info: POST 201 /api/blogs {} body {"title":"Hello","author":"Lolik","url":"http/..","likes":8} size 92 - 145.613 ms

[11/21/2020, 6:51:56 PM] info: {}
[11/21/2020, 6:51:56 PM] info: GET 200 /api/blogs {} body {} size 943 - 136.750 ms

[11/21/2020, 6:54:03 PM] info: {}
[11/21/2020, 6:54:03 PM] info: GET 200 /api/blogs {} body {} size 850 - 165.152 ms

[11/21/2020, 6:54:04 PM] info: {}
[11/21/2020, 6:54:04 PM] info: GET 400 /api/blogs/:5a422aa71b54a676234d17f6 {} body {} size 27 - 23.983 ms

[11/21/2020, 6:54:05 PM] info: {}
[11/21/2020, 6:54:05 PM] info: POST 201 /api/blogs {} body {"title":"Hello","author":"Lolik","url":"http/..","likes":8} size 92 - 155.834 ms

[11/21/2020, 6:54:05 PM] info: {}
[11/21/2020, 6:54:05 PM] info: GET 200 /api/blogs {} body {} size 943 - 139.599 ms

[11/21/2020, 6:55:09 PM] info: {}
[11/21/2020, 6:55:09 PM] info: GET 200 /api/blogs {} body {} size 850 - 164.949 ms

[11/21/2020, 6:55:10 PM] info: {}
[11/21/2020, 6:55:10 PM] info: GET 400 /api/blogs/:5a422aa71b54a676234d17f6 {} body {} size 27 - 26.025 ms

[11/21/2020, 6:55:10 PM] info: {}
[11/21/2020, 6:55:10 PM] info: POST 201 /api/blogs {} body {"title":"Hello","author":"Lolik","url":"http/..","likes":8} size 92 - 147.396 ms

[11/21/2020, 6:55:10 PM] info: {}
[11/21/2020, 6:55:11 PM] info: GET 200 /api/blogs {} body {} size 943 - 135.187 ms

[11/21/2020, 6:55:44 PM] info: {}
[11/21/2020, 6:55:45 PM] info: GET 500 /api/blogs/5fb6852f80be194ddb8f1c10 {} body {} size 340 - 186.014 ms

[11/21/2020, 6:56:00 PM] info: {}
[11/21/2020, 6:56:00 PM] info: GET 400 /api/blogs/:5fb6852f80be194ddb8f1c10 {} body {} size 27 - 4.736 ms

[11/21/2020, 6:56:59 PM] info: {}
[11/21/2020, 6:56:59 PM] info: GET 500 /api/blogs/5fb6852f80be194ddb8f1c10 {} body {} size 340 - 151.392 ms

[11/21/2020, 6:57:05 PM] info: {}
[11/21/2020, 6:57:05 PM] info: GET 200 /api/blogs/ {} body {} size 221 - 157.001 ms

[11/21/2020, 6:59:01 PM] info: {}
[11/21/2020, 6:59:01 PM] info: GET 200 /api/blogs {} body {} size 850 - 162.436 ms

[11/21/2020, 6:59:01 PM] info: {}
[11/21/2020, 6:59:02 PM] info: {}
[11/21/2020, 6:59:02 PM] info: POST 201 /api/blogs {} body {"title":"Hello","author":"Lolik","url":"http/..","likes":8} size 92 - 146.118 ms

[11/21/2020, 6:59:02 PM] info: {}
[11/21/2020, 6:59:02 PM] info: GET 200 /api/blogs {} body {} size 943 - 131.339 ms

[11/21/2020, 7:01:01 PM] info: GET - /api/blogs/:5a422aa71b54a676234d17f6 {} body {} size - - - ms

[11/21/2020, 7:01:04 PM] info: {}
[11/21/2020, 7:01:41 PM] info: GET - /api/blogs/5fb685b280be194ddb8f1c11 {} body {} size - - - ms

[11/21/2020, 7:01:41 PM] info: {}
[11/21/2020, 7:01:41 PM] info: GET 304 /api/blogs/ {} body {} size - - 138.507 ms

[11/21/2020, 7:01:47 PM] info: {}
[11/21/2020, 7:03:47 PM] info: GET - /api/blogs/5fb685b280be194ddb8f1c11 {} body {} size - - - ms

[11/21/2020, 7:03:47 PM] info: {}
[11/21/2020, 7:03:57 PM] info: {}
[11/21/2020, 7:04:13 PM] info: GET - /api/blogs/5fb685b280be194ddb8f1c11 {} body {} size - - - ms

[11/21/2020, 7:04:14 PM] info: {}
[11/21/2020, 7:05:26 PM] info: {}
[11/21/2020, 7:05:29 PM] info: GET - /api/blogs/5fb685b280be194ddb8f1c11 {} body {} size - - - ms

[11/21/2020, 7:05:29 PM] info: {}
[11/21/2020, 7:05:32 PM] info: GET 500 /api/blogs/5fb685b280be194ddb8f1c11 {} body {} size 340 - 2555.779 ms

[11/21/2020, 7:06:04 PM] info: {}
[11/21/2020, 7:06:04 PM] info: GET 500 /api/blogs/5fb685b280be194ddb8f1c11 {} body {} size 340 - 176.287 ms

[11/21/2020, 7:06:05 PM] info: {}
[11/21/2020, 7:06:06 PM] info: GET 500 /api/blogs/5fb685b280be194ddb8f1c11 {} body {} size 340 - 134.776 ms

[11/21/2020, 7:06:09 PM] info: {}
[11/21/2020, 7:06:09 PM] info: GET 304 /api/blogs/ {} body {} size - - 141.057 ms

[11/21/2020, 7:06:41 PM] info: {}
[11/21/2020, 7:06:41 PM] info: GET 400 /api/blogs/1 {} body {} size 27 - 33.774 ms

[11/21/2020, 7:06:56 PM] info: {}
[11/21/2020, 7:06:56 PM] info: GET 500 /api/blogs/5fb6852f80be194ddb8f1c10 {} body {} size 340 - 158.765 ms

[11/21/2020, 7:14:20 PM] info: {}
[11/21/2020, 7:14:20 PM] info: GET 200 /api/blogs {} body {} size 850 - 167.857 ms

[11/21/2020, 7:14:21 PM] info: {}
[11/21/2020, 7:14:21 PM] info: GET 400 /api/blogs/:5a422aa71b54a676234d17f6 {} body {} size 27 - 27.748 ms

[11/21/2020, 7:14:21 PM] info: {}
[11/21/2020, 7:14:22 PM] info: POST 201 /api/blogs {} body {"title":"Hello","author":"Lolik","url":"http/..","likes":8} size 92 - 144.033 ms

[11/21/2020, 7:14:22 PM] info: {}
[11/21/2020, 7:14:22 PM] info: GET 200 /api/blogs {} body {} size 943 - 131.504 ms

[11/21/2020, 7:14:22 PM] info: {}
[11/21/2020, 7:16:22 PM] info: POST - /api/blogs {} body {"author":"Lolik","likes":8} size - - - ms

[11/21/2020, 7:18:12 PM] info: {}
[11/21/2020, 7:18:12 PM] info: GET 200 /api/blogs {} body {} size 850 - 171.076 ms

[11/21/2020, 7:18:13 PM] info: {}
[11/21/2020, 7:18:13 PM] info: GET 400 /api/blogs/:5a422aa71b54a676234d17f6 {} body {} size 27 - 25.595 ms

[11/21/2020, 7:18:14 PM] info: {}
[11/21/2020, 7:18:14 PM] info: POST 201 /api/blogs {} body {"title":"Hello","author":"Lolik","url":"http/..","likes":8} size 92 - 148.315 ms

[11/21/2020, 7:18:14 PM] info: {}
[11/21/2020, 7:18:14 PM] info: GET 200 /api/blogs {} body {} size 943 - 138.451 ms

[11/21/2020, 7:18:15 PM] info: {}
[11/21/2020, 7:19:49 PM] info: {}
[11/21/2020, 7:19:49 PM] info: GET 200 /api/blogs {} body {} size 850 - 168.273 ms

[11/21/2020, 7:19:50 PM] info: {}
[11/21/2020, 7:19:50 PM] info: GET 400 /api/blogs/:5a422aa71b54a676234d17f6 {} body {} size 27 - 22.915 ms

[11/21/2020, 7:19:50 PM] info: {}
[11/21/2020, 7:19:51 PM] info: POST 201 /api/blogs {} body {"title":"Hello","author":"Lolik","url":"http/..","likes":8} size 92 - 155.739 ms

[11/21/2020, 7:19:51 PM] info: {}
[11/21/2020, 7:19:51 PM] info: GET 200 /api/blogs {} body {} size 943 - 137.226 ms

[11/21/2020, 7:19:51 PM] info: {}
[11/21/2020, 7:21:07 PM] info: {}
[11/21/2020, 7:21:07 PM] info: GET 200 /api/blogs {} body {} size 850 - 177.406 ms

[11/21/2020, 7:21:08 PM] info: {}
[11/21/2020, 7:21:08 PM] info: GET 400 /api/blogs/:5a422aa71b54a676234d17f6 {} body {} size 27 - 33.301 ms

[11/21/2020, 7:21:09 PM] info: {}
[11/21/2020, 7:21:09 PM] info: POST 201 /api/blogs {} body {"title":"Hello","author":"Lolik","url":"http/..","likes":8} size 92 - 159.174 ms

[11/21/2020, 7:21:09 PM] info: {}
[11/21/2020, 7:21:09 PM] info: GET 200 /api/blogs {} body {} size 943 - 155.027 ms

[11/21/2020, 7:21:10 PM] info: {}
[11/21/2020, 7:23:10 PM] info: POST - /api/blogs {} body {"author":"Lolik","likes":8} size - - - ms

[11/21/2020, 7:25:00 PM] info: {}
[11/21/2020, 7:25:00 PM] info: GET 200 /api/blogs {} body {} size 637 - 173.781 ms

[11/21/2020, 7:25:01 PM] info: {}
[11/21/2020, 7:25:01 PM] info: GET 400 /api/blogs/:5a422aa71b54a676234d17f6 {} body {} size 27 - 25.842 ms

[11/21/2020, 7:25:02 PM] info: {}
[11/21/2020, 7:25:02 PM] info: POST 201 /api/blogs {} body {"title":"Hello","author":"Lolik","url":"http/..","likes":8} size 92 - 135.740 ms

[11/21/2020, 7:25:02 PM] info: {}
[11/21/2020, 7:25:02 PM] info: GET 200 /api/blogs {} body {} size 943 - 135.400 ms

[11/21/2020, 7:25:02 PM] info: {}
[11/21/2020, 7:27:02 PM] info: POST - /api/blogs {} body {"author":"Lolik","likes":8} size - - - ms

[11/21/2020, 7:27:27 PM] info: {}
[11/21/2020, 7:27:29 PM] info: GET 200 /api/blogs {} body {} size 2 - 2068.688 ms

[11/21/2020, 7:27:30 PM] info: {}
[11/21/2020, 7:27:30 PM] info: GET 400 /api/blogs/:5a422aa71b54a676234d17f6 {} body {} size 27 - 20.859 ms

[11/21/2020, 7:27:31 PM] info: {}
[11/21/2020, 7:27:31 PM] info: POST 201 /api/blogs {} body {"title":"Hello","author":"Lolik","url":"http/..","likes":8} size 92 - 146.415 ms

[11/21/2020, 7:27:31 PM] info: {}
[11/21/2020, 7:27:31 PM] info: GET 200 /api/blogs {} body {} size 943 - 138.291 ms

[11/21/2020, 7:27:32 PM] info: {}
[11/21/2020, 7:28:24 PM] info: {}
[11/21/2020, 7:28:24 PM] info: GET 200 /api/blogs {} body {} size 850 - 161.915 ms

[11/21/2020, 7:28:25 PM] info: {}
[11/21/2020, 7:28:25 PM] info: GET 400 /api/blogs/:5a422aa71b54a676234d17f6 {} body {} size 27 - 27.780 ms

[11/21/2020, 7:28:25 PM] info: {}
[11/21/2020, 7:28:25 PM] info: POST 201 /api/blogs {} body {"title":"Hello","author":"Lolik","url":"http/..","likes":8} size 92 - 146.372 ms

[11/21/2020, 7:28:25 PM] info: {}
[11/21/2020, 7:28:26 PM] info: GET 200 /api/blogs {} body {} size 943 - 130.359 ms

[11/21/2020, 7:28:26 PM] info: {}
[11/21/2020, 7:30:26 PM] info: POST - /api/blogs {} body {"author":"Lolik","likes":8} size - - - ms

[11/21/2020, 7:31:17 PM] info: {}
[11/21/2020, 7:31:17 PM] info: GET 200 /api/blogs {} body {} size 850 - 162.750 ms

[11/21/2020, 7:31:18 PM] info: {}
[11/21/2020, 7:31:18 PM] info: GET 400 /api/blogs/:5a422aa71b54a676234d17f6 {} body {} size 27 - 30.961 ms

[11/21/2020, 7:31:18 PM] info: {}
[11/21/2020, 7:31:19 PM] info: POST 201 /api/blogs {} body {"title":"Hello","author":"Lolik","url":"http/..","likes":8} size 92 - 158.543 ms

[11/21/2020, 7:31:19 PM] info: {}
[11/21/2020, 7:31:19 PM] info: GET 200 /api/blogs {} body {} size 943 - 134.667 ms

[11/21/2020, 7:31:19 PM] info: {}
[11/21/2020, 7:33:19 PM] info: POST - /api/blogs {} body {"author":"Lolik","likes":8} size - - - ms

[11/21/2020, 7:34:12 PM] info: {}
[11/21/2020, 7:34:13 PM] info: GET 200 /api/blogs {} body {} size 2 - 1301.520 ms

[11/21/2020, 7:34:14 PM] info: {}
[11/21/2020, 7:34:14 PM] info: GET 400 /api/blogs/:5a422aa71b54a676234d17f6 {} body {} size 27 - 22.282 ms

[11/21/2020, 7:34:14 PM] info: {}
[11/21/2020, 7:34:15 PM] info: POST 201 /api/blogs {} body {"title":"Hello","author":"Lolik","url":"http/..","likes":8} size 92 - 155.902 ms

[11/21/2020, 7:34:15 PM] info: {}
[11/21/2020, 7:34:15 PM] info: GET 200 /api/blogs {} body {} size 943 - 139.119 ms

[11/21/2020, 7:34:15 PM] info: {}
[11/21/2020, 7:34:16 PM] info: POST 201 /api/blogs {} body {"title":"Hello","author":"Lolik","url":"http/.."} size 82 - 186.834 ms

[11/21/2020, 7:34:16 PM] info: {}
[11/21/2020, 7:34:16 PM] info: GET 200 /api/blogs {} body {} size 933 - 138.102 ms

[11/21/2020, 7:34:16 PM] info: {}
[11/21/2020, 7:36:16 PM] info: POST - /api/blogs {} body {"author":"Lolik","likes":8} size - - - ms

[11/21/2020, 7:38:57 PM] info: {}
[11/21/2020, 7:38:58 PM] info: GET 200 /api/blogs {} body {} size 850 - 188.424 ms

[11/21/2020, 7:38:58 PM] info: {}
[11/21/2020, 7:38:58 PM] info: GET 400 /api/blogs/:5a422aa71b54a676234d17f6 {} body {} size 27 - 22.269 ms

[11/21/2020, 7:38:59 PM] info: {}
[11/21/2020, 7:38:59 PM] info: POST 201 /api/blogs {} body {"title":"Hello","author":"Lolik","url":"http/..","likes":8} size 92 - 145.632 ms

[11/21/2020, 7:38:59 PM] info: {}
[11/21/2020, 7:38:59 PM] info: GET 200 /api/blogs {} body {} size 943 - 129.382 ms

[11/21/2020, 7:39:00 PM] info: {}
[11/21/2020, 7:39:00 PM] info: POST 201 /api/blogs {} body {"title":"Hello","author":"Lolik","url":"http/.."} size 82 - 146.506 ms

[11/21/2020, 7:39:00 PM] info: {}
[11/21/2020, 7:39:00 PM] info: GET 200 /api/blogs {} body {} size 933 - 131.731 ms

[11/21/2020, 7:39:01 PM] info: {}
[11/21/2020, 7:39:44 PM] info: {}
[11/21/2020, 7:39:44 PM] info: GET 200 /api/blogs {} body {} size 850 - 167.525 ms

[11/21/2020, 7:39:44 PM] info: {}
[11/21/2020, 7:39:44 PM] info: GET 400 /api/blogs/:5a422aa71b54a676234d17f6 {} body {} size 27 - 22.284 ms

[11/21/2020, 7:39:45 PM] info: {}
[11/21/2020, 7:39:45 PM] info: POST 201 /api/blogs {} body {"title":"Hello","author":"Lolik","url":"http/..","likes":8} size 92 - 155.485 ms

[11/21/2020, 7:39:45 PM] info: {}
[11/21/2020, 7:39:45 PM] info: GET 200 /api/blogs {} body {} size 943 - 139.763 ms

[11/21/2020, 7:39:46 PM] info: {}
[11/21/2020, 7:39:46 PM] info: POST 201 /api/blogs {} body {"title":"Hello","author":"Lolik","url":"http/.."} size 82 - 148.129 ms

[11/21/2020, 7:39:46 PM] info: {}
[11/21/2020, 7:39:46 PM] info: GET 200 /api/blogs {} body {} size 933 - 138.485 ms

[11/21/2020, 7:39:47 PM] info: {}
[11/21/2020, 7:41:47 PM] info: POST - /api/blogs {} body {"author":"Lolik","likes":8} size - - - ms

[11/21/2020, 7:42:24 PM] info: {}
[11/21/2020, 7:42:25 PM] info: GET 200 /api/blogs {} body {} size 850 - 163.392 ms

[11/21/2020, 7:42:25 PM] info: {}
[11/21/2020, 7:42:25 PM] info: GET 400 /api/blogs/:5a422aa71b54a676234d17f6 {} body {} size 27 - 23.794 ms

[11/21/2020, 7:42:26 PM] info: {}
[11/21/2020, 7:42:26 PM] info: POST 201 /api/blogs {} body {"title":"Hello","author":"Lolik","url":"http/..","likes":8} size 92 - 147.264 ms

[11/21/2020, 7:42:26 PM] info: {}
[11/21/2020, 7:42:26 PM] info: GET 200 /api/blogs {} body {} size 943 - 143.407 ms

[11/21/2020, 7:42:27 PM] info: {}
[11/21/2020, 7:42:27 PM] info: POST 201 /api/blogs {} body {"title":"Hello","author":"Lolik","url":"http/.."} size 92 - 137.297 ms

[11/21/2020, 7:42:27 PM] info: {}
[11/21/2020, 7:42:27 PM] info: GET 200 /api/blogs {} body {} size 943 - 137.875 ms

[11/21/2020, 7:42:28 PM] info: {}
[11/21/2020, 7:44:10 PM] info: {}
[11/21/2020, 7:44:10 PM] info: GET 200 /api/blogs {} body {} size 850 - 163.221 ms

[11/21/2020, 7:44:11 PM] info: {}
[11/21/2020, 7:44:11 PM] info: GET 400 /api/blogs/:5a422aa71b54a676234d17f6 {} body {} size 27 - 24.451 ms

[11/21/2020, 7:44:11 PM] info: {}
[11/21/2020, 7:44:11 PM] info: POST 201 /api/blogs {} body {"title":"Hello","author":"Lolik","url":"http/..","likes":8} size 92 - 157.636 ms

[11/21/2020, 7:44:11 PM] info: {}
[11/21/2020, 7:44:12 PM] info: GET 200 /api/blogs {} body {} size 943 - 141.725 ms

[11/21/2020, 7:44:12 PM] info: {}
[11/21/2020, 7:44:12 PM] info: POST 201 /api/blogs {} body {"title":"Hello","author":"Lolik","url":"http/.."} size 92 - 147.527 ms

[11/21/2020, 7:44:12 PM] info: {}
[11/21/2020, 7:44:13 PM] info: GET 200 /api/blogs {} body {} size 943 - 136.724 ms

[11/21/2020, 7:45:49 PM] info: {}
[11/21/2020, 7:45:49 PM] info: GET 200 /api/blogs {} body {} size 850 - 168.493 ms

[11/21/2020, 7:45:50 PM] info: {}
[11/21/2020, 7:45:50 PM] info: GET 400 /api/blogs/:5a422aa71b54a676234d17f6 {} body {} size 27 - 29.129 ms

[11/21/2020, 7:45:50 PM] info: {}
[11/21/2020, 7:45:51 PM] info: POST 201 /api/blogs {} body {"title":"Hello","author":"Lolik","url":"http/..","likes":8} size 92 - 145.665 ms

[11/21/2020, 7:45:51 PM] info: {}
[11/21/2020, 7:45:51 PM] info: GET 200 /api/blogs {} body {} size 943 - 133.840 ms

[11/21/2020, 7:45:51 PM] info: {}
[11/21/2020, 7:45:52 PM] info: POST 201 /api/blogs {} body {"title":"Hello","author":"Lolik","url":"http/.."} size 92 - 138.572 ms

[11/21/2020, 7:45:52 PM] info: {}
[11/21/2020, 7:45:52 PM] info: GET 200 /api/blogs {} body {} size 943 - 136.696 ms

[11/21/2020, 7:47:41 PM] info: {}
[11/21/2020, 7:47:42 PM] info: GET 200 /api/blogs {} body {} size 850 - 163.082 ms

[11/21/2020, 7:47:42 PM] info: {}
[11/21/2020, 7:47:42 PM] info: GET 400 /api/blogs/:5a422aa71b54a676234d17f6 {} body {} size 27 - 23.139 ms

[11/21/2020, 7:47:43 PM] info: {}
[11/21/2020, 7:47:43 PM] info: POST 201 /api/blogs {} body {"title":"Hello","author":"Lolik","url":"http/..","likes":8} size 92 - 145.723 ms

[11/21/2020, 7:47:43 PM] info: {}
[11/21/2020, 7:47:43 PM] info: GET 200 /api/blogs {} body {} size 943 - 138.035 ms

[11/21/2020, 7:47:44 PM] info: {}
[11/21/2020, 7:47:44 PM] info: POST 201 /api/blogs {} body {"title":"Hello","author":"Lolik","url":"http/.."} size 92 - 138.159 ms

[11/21/2020, 7:47:44 PM] info: {}
[11/21/2020, 7:47:44 PM] info: GET 200 /api/blogs {} body {} size 943 - 131.180 ms

[11/21/2020, 7:48:41 PM] info: {}
[11/21/2020, 7:48:41 PM] info: GET 200 /api/blogs {} body {} size 850 - 163.424 ms

[11/21/2020, 7:48:42 PM] info: {}
[11/21/2020, 7:48:42 PM] info: GET 400 /api/blogs/:5a422aa71b54a676234d17f6 {} body {} size 27 - 25.898 ms

[11/21/2020, 7:48:43 PM] info: {}
[11/21/2020, 7:48:43 PM] info: POST 201 /api/blogs {} body {"title":"Hello","author":"Lolik","url":"http/..","likes":8} size 92 - 146.139 ms

[11/21/2020, 7:48:43 PM] info: {}
[11/21/2020, 7:48:43 PM] info: GET 200 /api/blogs {} body {} size 943 - 137.637 ms

[11/21/2020, 7:48:44 PM] info: {}
[11/21/2020, 7:48:44 PM] info: POST 201 /api/blogs {} body {"title":"Hello","author":"Lolik","url":"http/.."} size 92 - 138.683 ms

[11/21/2020, 7:48:44 PM] info: {}
[11/21/2020, 7:48:44 PM] info: GET 200 /api/blogs {} body {} size 943 - 139.153 ms

[11/21/2020, 7:49:58 PM] info: {}
[11/21/2020, 7:49:58 PM] info: GET 200 /api/blogs {} body {} size 850 - 167.152 ms

[11/21/2020, 7:49:59 PM] info: {}
[11/21/2020, 7:49:59 PM] info: GET 400 /api/blogs/:5a422aa71b54a676234d17f6 {} body {} size 27 - 34.030 ms

[11/21/2020, 7:50:00 PM] info: {}
[11/21/2020, 7:50:00 PM] info: POST 201 /api/blogs {} body {"title":"Hello","author":"Lolik","url":"http/..","likes":8} size 92 - 146.857 ms

[11/21/2020, 7:50:00 PM] info: {}
[11/21/2020, 7:50:00 PM] info: GET 200 /api/blogs {} body {} size 943 - 137.428 ms

[11/21/2020, 7:50:01 PM] info: {}
[11/21/2020, 7:50:01 PM] info: POST 201 /api/blogs {} body {"title":"Hello","author":"Lolik","url":"http/.."} size 92 - 137.623 ms

[11/21/2020, 7:50:01 PM] info: {}
[11/21/2020, 7:50:01 PM] info: GET 200 /api/blogs {} body {} size 943 - 130.833 ms

[11/21/2020, 7:50:01 PM] info: {}
[11/21/2020, 7:52:02 PM] info: POST - /api/blogs {} body {"author":"Lolik","likes":8} size - - - ms

[11/21/2020, 7:58:44 PM] info: {}
[11/21/2020, 7:58:44 PM] info: GET 200 /api/blogs {} body {} size 850 - 166.417 ms

[11/21/2020, 7:58:45 PM] info: {}
[11/21/2020, 7:58:45 PM] info: GET 200 /api/blogs {} body {} size 850 - 141.030 ms

[11/21/2020, 7:58:46 PM] info: {}
[11/21/2020, 7:58:46 PM] info: POST 201 /api/blogs {} body {"title":"Hello","author":"Lolik","url":"http/..","likes":8} size 92 - 147.706 ms

[11/21/2020, 7:58:46 PM] info: {}
[11/21/2020, 7:58:47 PM] info: GET 200 /api/blogs {} body {} size 943 - 136.564 ms

[11/21/2020, 7:58:47 PM] info: {}
[11/21/2020, 7:58:47 PM] info: POST 201 /api/blogs {} body {"title":"Hello","author":"Lolik","url":"http/.."} size 92 - 146.438 ms

[11/21/2020, 7:58:48 PM] info: {}
[11/21/2020, 7:58:48 PM] info: GET 200 /api/blogs {} body {} size 943 - 269.255 ms

[11/21/2020, 7:58:49 PM] info: {}
[11/21/2020, 8:00:06 PM] info: {}
[11/21/2020, 8:00:06 PM] info: GET 200 /api/blogs {} body {} size 850 - 167.539 ms

[11/21/2020, 8:00:07 PM] info: {}
[11/21/2020, 8:00:07 PM] info: GET 200 /api/blogs {} body {} size 850 - 141.927 ms

[11/21/2020, 8:00:07 PM] info: {}
[11/21/2020, 8:00:07 PM] info: GET 404 /api/notes/5a422aa71b54a676234d17f7 {} body {} size 28 - 2.330 ms

[11/21/2020, 8:00:07 PM] info: {}
[11/21/2020, 8:00:08 PM] info: POST 201 /api/blogs {} body {"title":"Hello","author":"Lolik","url":"http/..","likes":8} size 92 - 156.097 ms

[11/21/2020, 8:00:08 PM] info: {}
[11/21/2020, 8:00:08 PM] info: GET 200 /api/blogs {} body {} size 943 - 136.445 ms

[11/21/2020, 8:00:08 PM] info: {}
[11/21/2020, 8:00:09 PM] info: POST 201 /api/blogs {} body {"title":"Hello","author":"Lolik","url":"http/.."} size 92 - 147.397 ms

[11/21/2020, 8:00:09 PM] info: {}
[11/21/2020, 8:00:09 PM] info: GET 200 /api/blogs {} body {} size 943 - 139.380 ms

[11/21/2020, 8:00:09 PM] info: {}
[11/21/2020, 8:01:30 PM] info: {}
[11/21/2020, 8:01:30 PM] info: GET 200 /api/blogs {} body {} size 850 - 162.431 ms

[11/21/2020, 8:01:31 PM] info: {}
[11/21/2020, 8:01:31 PM] info: GET 200 /api/blogs {} body {} size 850 - 141.632 ms

[11/21/2020, 8:01:31 PM] info: {}
[11/21/2020, 8:01:31 PM] info: GET 404 /api/notes/5a422aa71b54a676234d17f7 {} body {} size 28 - 1.371 ms

[11/21/2020, 8:01:31 PM] info: {}
[11/21/2020, 8:01:32 PM] info: POST 201 /api/blogs {} body {"title":"Hello","author":"Lolik","url":"http/..","likes":8} size 92 - 151.148 ms

[11/21/2020, 8:01:32 PM] info: {}
[11/21/2020, 8:01:32 PM] info: GET 200 /api/blogs {} body {} size 943 - 148.318 ms

[11/21/2020, 8:01:32 PM] info: {}
[11/21/2020, 8:01:33 PM] info: POST 201 /api/blogs {} body {"title":"Hello","author":"Lolik","url":"http/.."} size 92 - 138.019 ms

[11/21/2020, 8:01:33 PM] info: {}
[11/21/2020, 8:01:33 PM] info: GET 200 /api/blogs {} body {} size 943 - 156.003 ms

[11/21/2020, 8:01:33 PM] info: {}
[11/21/2020, 8:02:51 PM] info: {}
[11/21/2020, 8:02:51 PM] info: GET 404 /api/blogs/5fb6852f80be194ddb8f1c10 {} body {} size 28 - 26.740 ms

[11/21/2020, 8:02:53 PM] info: {}
[11/21/2020, 8:02:53 PM] info: GET 404 /api/blogs/5fb6852f80be194ddb8f1c10 {} body {} size 28 - 1.941 ms

[11/21/2020, 8:03:04 PM] info: {}
[11/21/2020, 8:03:04 PM] info: GET 404 /api/blogs/5fb6852f80be194ddb8f1c10 {} body {} size 28 - 4.359 ms

[11/21/2020, 8:03:33 PM] info: POST - /api/blogs {} body {"author":"Lolik","likes":8} size - - - ms

[11/21/2020, 8:03:48 PM] info: {}
[11/21/2020, 8:03:48 PM] info: GET 200 /api/blogs/5fb6852f80be194ddb8f1c10 {} body {} size 43 - 188.110 ms

[11/21/2020, 8:04:17 PM] info: {}
[11/21/2020, 8:04:17 PM] info: GET 200 /api/blogs {} body {} size 424 - 234.364 ms

[11/21/2020, 8:04:18 PM] info: {}
[11/21/2020, 8:04:18 PM] info: GET 200 /api/blogs {} body {} size 850 - 132.509 ms

[11/21/2020, 8:04:18 PM] info: {}
[11/21/2020, 8:04:18 PM] info: GET 404 /api/notes/5a422aa71b54a676234d17f6 {} body {} size 28 - 1.432 ms

[11/21/2020, 8:04:19 PM] info: {}
[11/21/2020, 8:04:19 PM] info: POST 201 /api/blogs {} body {"title":"Hello","author":"Lolik","url":"http/..","likes":8} size 92 - 146.683 ms

[11/21/2020, 8:04:19 PM] info: {}
[11/21/2020, 8:04:19 PM] info: GET 200 /api/blogs {} body {} size 943 - 138.132 ms

[11/21/2020, 8:04:20 PM] info: {}
[11/21/2020, 8:04:20 PM] info: POST 201 /api/blogs {} body {"title":"Hello","author":"Lolik","url":"http/.."} size 92 - 147.922 ms

[11/21/2020, 8:04:20 PM] info: {}
[11/21/2020, 8:04:21 PM] info: GET 200 /api/blogs {} body {} size 943 - 150.246 ms

[11/21/2020, 8:04:21 PM] info: {}
[11/21/2020, 8:06:21 PM] info: POST - /api/blogs {} body {"author":"Lolik","likes":8} size - - - ms

[11/21/2020, 8:07:05 PM] info: {}
[11/21/2020, 8:07:05 PM] info: GET 200 /api/blogs {} body {} size 850 - 162.618 ms

[11/21/2020, 8:07:06 PM] info: {}
[11/21/2020, 8:07:06 PM] info: GET 200 /api/blogs {} body {} size 850 - 138.757 ms

[11/21/2020, 8:07:06 PM] info: {}
[11/21/2020, 8:07:06 PM] info: GET 404 /api/notes/5a422aa71b54a676234d17f7 {} body {} size 28 - 1.359 ms

[11/21/2020, 8:07:07 PM] info: {}
[11/21/2020, 8:07:07 PM] info: POST 201 /api/blogs {} body {"title":"Hello","author":"Lolik","url":"http/..","likes":8} size 92 - 154.382 ms

[11/21/2020, 8:07:07 PM] info: {}
[11/21/2020, 8:07:07 PM] info: GET 200 /api/blogs {} body {} size 943 - 140.480 ms

[11/21/2020, 8:07:08 PM] info: {}
[11/21/2020, 8:07:08 PM] info: POST 201 /api/blogs {} body {"title":"Hello","author":"Lolik","url":"http/.."} size 92 - 138.660 ms

[11/21/2020, 8:07:08 PM] info: {}
[11/21/2020, 8:07:08 PM] info: GET 200 /api/blogs {} body {} size 943 - 140.987 ms

[11/21/2020, 8:07:09 PM] info: {}
[11/21/2020, 8:09:09 PM] info: POST - /api/blogs {} body {"author":"Lolik","likes":8} size - - - ms

[11/21/2020, 8:09:55 PM] info: {}
[11/21/2020, 8:09:55 PM] info: GET 200 /api/blogs {} body {} size 850 - 170.401 ms

[11/21/2020, 8:09:55 PM] info: {}
[11/21/2020, 8:09:55 PM] info: GET 404 /api/notes/5fb6852f80be194ddb8f1c10 {} body {} size 28 - 3.504 ms

[11/21/2020, 8:09:56 PM] info: {}
[11/21/2020, 8:09:56 PM] info: POST 201 /api/blogs {} body {"title":"Hello","author":"Lolik","url":"http/..","likes":8} size 92 - 146.805 ms

[11/21/2020, 8:09:56 PM] info: {}
[11/21/2020, 8:09:56 PM] info: GET 200 /api/blogs {} body {} size 943 - 130.098 ms

[11/21/2020, 8:09:57 PM] info: {}
[11/21/2020, 8:09:57 PM] info: POST 201 /api/blogs {} body {"title":"Hello","author":"Lolik","url":"http/.."} size 92 - 136.500 ms

[11/21/2020, 8:09:57 PM] info: {}
[11/21/2020, 8:09:57 PM] info: GET 200 /api/blogs {} body {} size 943 - 131.064 ms

[11/21/2020, 8:09:58 PM] info: {}
[11/21/2020, 8:11:58 PM] info: POST - /api/blogs {} body {"author":"Lolik","likes":8} size - - - ms

[11/21/2020, 8:13:01 PM] info: {}
[11/21/2020, 8:13:01 PM] info: GET 200 /api/blogs {} body {} size 850 - 167.703 ms

[11/21/2020, 8:13:01 PM] info: {}
[11/21/2020, 8:13:02 PM] info: GET 404 /api/blogs/5fb6852f80be194ddb8f1c10 {} body {} size - - 135.349 ms

[11/21/2020, 8:13:02 PM] info: {}
[11/21/2020, 8:13:02 PM] info: POST 201 /api/blogs {} body {"title":"Hello","author":"Lolik","url":"http/..","likes":8} size 92 - 148.686 ms

[11/21/2020, 8:13:02 PM] info: {}
[11/21/2020, 8:13:03 PM] info: GET 200 /api/blogs {} body {} size 943 - 139.607 ms

[11/21/2020, 8:13:03 PM] info: {}
[11/21/2020, 8:13:03 PM] info: POST 201 /api/blogs {} body {"title":"Hello","author":"Lolik","url":"http/.."} size 92 - 136.788 ms

[11/21/2020, 8:13:03 PM] info: {}
[11/21/2020, 8:13:03 PM] info: GET 200 /api/blogs {} body {} size 943 - 139.341 ms

[11/21/2020, 8:13:04 PM] info: {}
[11/21/2020, 8:13:25 PM] info: {}
[11/21/2020, 8:13:25 PM] info: GET 304 /api/blogs/5fb6852f80be194ddb8f1c10 {} body {} size - - 175.896 ms

[11/21/2020, 8:13:26 PM] info: {}
[11/21/2020, 8:13:26 PM] info: GET 304 /api/blogs/5fb6852f80be194ddb8f1c10 {} body {} size - - 136.219 ms

[11/21/2020, 8:15:23 PM] info: {}
[11/21/2020, 8:15:23 PM] info: GET 200 /api/blogs {} body {} size 850 - 164.064 ms

[11/21/2020, 8:15:24 PM] info: {}
[11/21/2020, 8:15:24 PM] info: GET 200 /api/blogs/5a422aa71b54a676234d17f6 {} body {} size 212 - 129.614 ms

[11/21/2020, 8:15:24 PM] info: {}
[11/21/2020, 8:15:25 PM] info: POST 201 /api/blogs {} body {"title":"Hello","author":"Lolik","url":"http/..","likes":8} size 92 - 144.651 ms

[11/21/2020, 8:15:25 PM] info: {}
[11/21/2020, 8:15:25 PM] info: GET 200 /api/blogs {} body {} size 943 - 129.574 ms

[11/21/2020, 8:15:25 PM] info: {}
[11/21/2020, 8:15:26 PM] info: POST 201 /api/blogs {} body {"title":"Hello","author":"Lolik","url":"http/.."} size 92 - 139.350 ms

[11/21/2020, 8:15:26 PM] info: {}
[11/21/2020, 8:15:26 PM] info: GET 200 /api/blogs {} body {} size 943 - 124.555 ms

[11/21/2020, 8:15:26 PM] info: {}
[11/21/2020, 8:17:26 PM] info: POST - /api/blogs {} body {"author":"Lolik","likes":8} size - - - ms

[11/21/2020, 8:19:02 PM] info: {}
[11/21/2020, 8:19:03 PM] info: GET 200 /api/blogs {} body {} size 850 - 193.403 ms

[11/21/2020, 8:19:03 PM] info: {}
[11/21/2020, 8:19:04 PM] info: {}
[11/21/2020, 8:19:04 PM] info: POST 201 /api/blogs {} body {"title":"Hello","author":"Lolik","url":"http/..","likes":8} size 92 - 147.513 ms

[11/21/2020, 8:19:04 PM] info: {}
[11/21/2020, 8:19:04 PM] info: GET 200 /api/blogs {} body {} size 943 - 127.351 ms

[11/21/2020, 8:19:05 PM] info: {}
[11/21/2020, 8:19:05 PM] info: POST 201 /api/blogs {} body {"title":"Hello","author":"Lolik","url":"http/.."} size 92 - 129.246 ms

[11/21/2020, 8:19:05 PM] info: {}
[11/21/2020, 8:19:05 PM] info: GET 200 /api/blogs {} body {} size 943 - 140.953 ms

[11/21/2020, 8:19:06 PM] info: {}
[11/21/2020, 8:21:05 PM] info: {}
[11/21/2020, 8:21:05 PM] info: GET 200 /api/blogs {} body {} size 850 - 153.443 ms

[11/21/2020, 8:21:06 PM] info: {}
[11/21/2020, 8:21:06 PM] info: GET 200 /api/blogs/5a422aa71b54a676234d17f8 {} body {} size 212 - 142.761 ms

[11/21/2020, 8:21:07 PM] info: {}
[11/21/2020, 8:21:07 PM] info: POST 201 /api/blogs {} body {"title":"Hello","author":"Lolik","url":"http/..","likes":8} size 92 - 146.738 ms

[11/21/2020, 8:21:07 PM] info: {}
[11/21/2020, 8:21:07 PM] info: GET 200 /api/blogs {} body {} size 943 - 136.264 ms

[11/21/2020, 8:21:08 PM] info: {}
[11/21/2020, 8:21:08 PM] info: POST 201 /api/blogs {} body {"title":"Hello","author":"Lolik","url":"http/.."} size 92 - 135.368 ms

[11/21/2020, 8:21:08 PM] info: {}
[11/21/2020, 8:21:08 PM] info: GET 200 /api/blogs {} body {} size 943 - 133.791 ms

[11/21/2020, 8:21:09 PM] info: {}
[11/21/2020, 8:23:09 PM] info: POST - /api/blogs {} body {"author":"Lolik","likes":8} size - - - ms

[11/21/2020, 9:46:10 PM] info: {}
[11/21/2020, 9:46:10 PM] info: GET 200 /api/blogs {} body {} size 850 - 163.987 ms

[11/21/2020, 9:46:11 PM] info: {}
[11/21/2020, 9:46:11 PM] info: GET 200 /api/blogs/5a422aa71b54a676234d17f8 {} body {} size 212 - 135.439 ms

[11/21/2020, 9:46:12 PM] info: {}
[11/21/2020, 9:46:12 PM] info: POST 201 /api/blogs {} body {"title":"Hello","author":"Lolik","url":"http/..","likes":8} size 92 - 143.842 ms

[11/21/2020, 9:46:12 PM] info: {}
[11/21/2020, 9:46:12 PM] info: GET 200 /api/blogs {} body {} size 943 - 131.621 ms

[11/21/2020, 9:46:13 PM] info: {}
[11/21/2020, 9:46:13 PM] info: POST 201 /api/blogs {} body {"title":"Hello","author":"Lolik","url":"http/.."} size 92 - 137.058 ms

[11/21/2020, 9:46:13 PM] info: {}
[11/21/2020, 9:46:13 PM] info: GET 200 /api/blogs {} body {} size 943 - 129.170 ms

[11/21/2020, 9:46:14 PM] info: {}
[11/21/2020, 9:46:14 PM] info: {}
[11/21/2020, 9:46:15 PM] info: DELETE 204 /api/blogs/5a422aa71b54a676234d17f7 {} body {} size - - 141.312 ms

[11/21/2020, 9:48:14 PM] info: POST - /api/blogs {} body {"author":"Lolik","likes":8} size - - - ms

[11/21/2020, 9:49:02 PM] info: {}
[11/21/2020, 9:49:02 PM] info: GET 200 /api/blogs {} body {} size 850 - 165.829 ms

[11/21/2020, 9:49:03 PM] info: {}
[11/21/2020, 9:49:03 PM] info: GET 200 /api/blogs/5a422aa71b54a676234d17f8 {} body {} size 212 - 140.582 ms

[11/21/2020, 9:49:04 PM] info: {}
[11/21/2020, 9:49:04 PM] info: POST 201 /api/blogs {} body {"title":"Hello","author":"Lolik","url":"http/..","likes":8} size 92 - 165.781 ms

[11/21/2020, 9:49:04 PM] info: {}
[11/21/2020, 9:49:04 PM] info: GET 200 /api/blogs {} body {} size 943 - 139.341 ms

[11/21/2020, 9:49:05 PM] info: {}
[11/21/2020, 9:49:05 PM] info: POST 201 /api/blogs {} body {"title":"Hello","author":"Lolik","url":"http/.."} size 92 - 147.535 ms

[11/21/2020, 9:49:05 PM] info: {}
[11/21/2020, 9:49:05 PM] info: GET 200 /api/blogs {} body {} size 943 - 140.252 ms

[11/21/2020, 9:49:06 PM] info: {}
[11/21/2020, 9:49:07 PM] info: {}
[11/21/2020, 9:49:07 PM] info: DELETE 204 /api/blogs/5a422aa71b54a676234d17f7 {} body {} size - - 149.099 ms

[11/21/2020, 9:49:07 PM] info: {}
[11/21/2020, 9:49:07 PM] info: GET 200 /api/blogs {} body {} size 640 - 134.573 ms

[11/21/2020, 9:50:13 PM] info: {}
[11/21/2020, 9:50:13 PM] info: GET 200 /api/blogs {} body {} size 850 - 315.672 ms

[11/21/2020, 9:50:14 PM] info: {}
[11/21/2020, 9:50:14 PM] info: GET 200 /api/blogs/5a422aa71b54a676234d17f8 {} body {} size 212 - 133.171 ms

[11/21/2020, 9:50:15 PM] info: {}
[11/21/2020, 9:50:15 PM] info: POST 201 /api/blogs {} body {"title":"Hello","author":"Lolik","url":"http/..","likes":8} size 92 - 138.003 ms

[11/21/2020, 9:50:15 PM] info: {}
[11/21/2020, 9:50:15 PM] info: GET 200 /api/blogs {} body {} size 943 - 127.639 ms

[11/21/2020, 9:50:16 PM] info: {}
[11/21/2020, 9:50:16 PM] info: POST 201 /api/blogs {} body {"title":"Hello","author":"Lolik","url":"http/.."} size 92 - 147.833 ms

[11/21/2020, 9:50:16 PM] info: {}
[11/21/2020, 9:50:16 PM] info: GET 200 /api/blogs {} body {} size 943 - 138.015 ms

[11/21/2020, 9:50:17 PM] info: {}
[11/21/2020, 9:50:18 PM] info: {}
[11/21/2020, 9:50:18 PM] info: DELETE 204 /api/blogs/5a422aa71b54a676234d17f7 {} body {} size - - 154.767 ms

[11/21/2020, 9:50:18 PM] info: {}
[11/21/2020, 9:50:18 PM] info: GET 200 /api/blogs {} body {} size 640 - 118.874 ms

[11/21/2020, 9:51:32 PM] info: {}
[11/21/2020, 9:51:32 PM] info: GET 200 /api/blogs {} body {} size 850 - 154.210 ms

[11/21/2020, 9:51:33 PM] info: {}
[11/21/2020, 9:51:33 PM] info: GET 200 /api/blogs/5a422aa71b54a676234d17f8 {} body {} size 212 - 134.979 ms

[11/21/2020, 9:51:34 PM] info: {}
[11/21/2020, 9:51:34 PM] info: POST 201 /api/blogs {} body {"title":"Hello","author":"Lolik","url":"http/..","likes":8} size 92 - 156.082 ms

[11/21/2020, 9:51:34 PM] info: {}
[11/21/2020, 9:51:34 PM] info: GET 200 /api/blogs {} body {} size 943 - 129.877 ms

[11/21/2020, 9:51:35 PM] info: {}
[11/21/2020, 9:51:35 PM] info: POST 201 /api/blogs {} body {"title":"Hello","author":"Lolik","url":"http/.."} size 92 - 148.216 ms

[11/21/2020, 9:51:35 PM] info: {}
[11/21/2020, 9:51:35 PM] info: GET 200 /api/blogs {} body {} size 943 - 140.593 ms

[11/21/2020, 9:51:36 PM] info: {}
[11/21/2020, 9:51:37 PM] info: {}
[11/21/2020, 9:51:37 PM] info: DELETE 204 /api/blogs/5a422aa71b54a676234d17f7 {} body {} size - - 147.958 ms

[11/21/2020, 9:51:37 PM] info: {}
[11/21/2020, 9:51:37 PM] info: GET 200 /api/blogs {} body {} size 640 - 125.514 ms

[11/21/2020, 9:53:36 PM] info: POST - /api/blogs {} body {"author":"Lolik","likes":8} size - - - ms

[11/21/2020, 10:18:47 PM] info: {}
[11/21/2020, 10:18:47 PM] info: GET 200 /api/blogs {} body {} size 850 - 170.615 ms

[11/21/2020, 10:18:48 PM] info: {}
[11/21/2020, 10:18:48 PM] info: GET 200 /api/blogs/5a422aa71b54a676234d17f8 {} body {} size 212 - 148.153 ms

[11/21/2020, 10:18:49 PM] info: {}
[11/21/2020, 10:18:49 PM] info: POST 201 /api/blogs {} body {"title":"Hello","author":"Lolik","url":"http/..","likes":8} size 92 - 147.715 ms

[11/21/2020, 10:18:49 PM] info: {}
[11/21/2020, 10:18:49 PM] info: GET 200 /api/blogs {} body {} size 943 - 269.973 ms

[11/21/2020, 10:18:50 PM] info: {}
[11/21/2020, 10:18:51 PM] info: PUT 200 /api/blogs/5a422aa71b54a676234d17f9 {} body {"title":"Hi","author":"Bolik","url":"http/..","likes":5} size 89 - 279.120 ms

[11/21/2020, 10:18:51 PM] info: {}
[11/21/2020, 10:18:51 PM] info: GET 200 /api/blogs {} body {} size 727 - 139.256 ms

[11/21/2020, 10:18:52 PM] info: {}
[11/21/2020, 10:18:52 PM] info: POST 201 /api/blogs {} body {"title":"Hello","author":"Lolik","url":"http/.."} size 92 - 166.348 ms

[11/21/2020, 10:18:52 PM] info: {}
[11/21/2020, 10:18:53 PM] info: GET 200 /api/blogs {} body {} size 943 - 338.586 ms

[11/21/2020, 10:18:53 PM] info: {}
[11/21/2020, 10:18:54 PM] info: {}
[11/21/2020, 10:18:54 PM] info: DELETE 204 /api/blogs/5a422aa71b54a676234d17f7 {} body {} size - - 135.854 ms

[11/21/2020, 10:18:54 PM] info: {}
[11/21/2020, 10:18:54 PM] info: GET 200 /api/blogs {} body {} size 640 - 130.446 ms

[11/21/2020, 10:20:53 PM] info: POST - /api/blogs {} body {"author":"Lolik","likes":8} size - - - ms

[11/21/2020, 10:23:37 PM] info: {}
[11/21/2020, 10:23:37 PM] info: GET 200 /api/blogs {} body {} size 850 - 169.988 ms

[11/21/2020, 10:23:38 PM] info: {}
[11/21/2020, 10:23:38 PM] info: GET 200 /api/blogs/5a422aa71b54a676234d17f8 {} body {} size 212 - 152.243 ms

[11/21/2020, 10:23:38 PM] info: {}
[11/21/2020, 10:23:39 PM] info: POST 201 /api/blogs {} body {"title":"Hello","author":"Lolik","url":"http/..","likes":8} size 92 - 156.415 ms

[11/21/2020, 10:23:39 PM] info: {}
[11/21/2020, 10:23:39 PM] info: GET 200 /api/blogs {} body {} size 943 - 136.368 ms

[11/21/2020, 10:23:40 PM] info: {}
[11/21/2020, 10:23:40 PM] info: PUT 200 /api/blogs/5a422aa71b54a676234d17f9 {} body {"title":"Hi","author":"Bolik","url":"http/..","likes":5} size 89 - 148.616 ms

[11/21/2020, 10:23:40 PM] info: {}
[11/21/2020, 10:23:40 PM] info: GET 200 /api/blogs {} body {} size 727 - 144.922 ms

[11/21/2020, 10:23:41 PM] info: {}
[11/21/2020, 10:23:41 PM] info: POST 201 /api/blogs {} body {"title":"Hello","author":"Lolik","url":"http/.."} size 92 - 147.181 ms

[11/21/2020, 10:23:41 PM] info: {}
[11/21/2020, 10:23:41 PM] info: GET 200 /api/blogs {} body {} size 943 - 143.368 ms

[11/21/2020, 10:23:42 PM] info: {}
[11/21/2020, 10:23:43 PM] info: {}
[11/21/2020, 10:23:43 PM] info: DELETE 204 /api/blogs/5a422aa71b54a676234d17f7 {} body {} size - - 140.524 ms

[11/21/2020, 10:23:43 PM] info: {}
[11/21/2020, 10:23:43 PM] info: GET 200 /api/blogs {} body {} size 640 - 134.963 ms

[11/21/2020, 10:25:42 PM] info: POST - /api/blogs {} body {"author":"Lolik","likes":8} size - - - ms

[11/21/2020, 10:26:58 PM] info: {}
[11/21/2020, 10:26:58 PM] info: GET 200 /api/blogs {} body {} size 850 - 167.551 ms

[11/21/2020, 10:26:59 PM] info: {}
[11/21/2020, 10:26:59 PM] info: GET 200 /api/blogs/5a422aa71b54a676234d17f8 {} body {} size 212 - 135.857 ms

[11/21/2020, 10:27:00 PM] info: {}
[11/21/2020, 10:27:00 PM] info: POST 201 /api/blogs {} body {"title":"Hello","author":"Lolik","url":"http/..","likes":8} size 92 - 144.997 ms

[11/21/2020, 10:27:00 PM] info: {}
[11/21/2020, 10:27:00 PM] info: GET 200 /api/blogs {} body {} size 943 - 142.055 ms

[11/21/2020, 10:27:01 PM] info: {}
[11/21/2020, 10:27:01 PM] info: PUT 200 /api/blogs/5a422aa71b54a676234d17f9 {} body {"title":"Hi","author":"Bolik","url":"http/..","likes":5} size 89 - 152.156 ms

[11/21/2020, 10:27:01 PM] info: {}
[11/21/2020, 10:27:01 PM] info: GET 200 /api/blogs {} body {} size 727 - 132.187 ms

[11/21/2020, 10:27:02 PM] info: {}
[11/21/2020, 10:27:02 PM] info: POST 201 /api/blogs {} body {"title":"Hello","author":"Lolik","url":"http/.."} size 92 - 137.631 ms

[11/21/2020, 10:27:02 PM] info: {}
[11/21/2020, 10:27:02 PM] info: GET 200 /api/blogs {} body {} size 943 - 138.094 ms

[11/21/2020, 10:27:03 PM] info: {}
[11/21/2020, 10:27:04 PM] info: {}
[11/21/2020, 10:27:04 PM] info: DELETE 204 /api/blogs/5a422aa71b54a676234d17f7 {} body {} size - - 138.110 ms

[11/21/2020, 10:27:04 PM] info: {}
[11/21/2020, 10:27:04 PM] info: GET 200 /api/blogs {} body {} size 640 - 138.304 ms

[11/21/2020, 10:29:03 PM] info: POST - /api/blogs {} body {"author":"Lolik","likes":8} size - - - ms

[11/21/2020, 10:31:20 PM] info: {}
[11/21/2020, 10:31:20 PM] info: GET 200 /api/blogs {} body {} size 850 - 167.430 ms

[11/21/2020, 10:31:21 PM] info: {}
[11/21/2020, 10:31:21 PM] info: GET 200 /api/blogs/5a422aa71b54a676234d17f8 {} body {} size 212 - 143.165 ms

[11/21/2020, 10:31:22 PM] info: {}
[11/21/2020, 10:31:22 PM] info: POST 201 /api/blogs {} body {"title":"Hello","author":"Lolik","url":"http/..","likes":8} size 92 - 157.530 ms

[11/21/2020, 10:31:22 PM] info: {}
[11/21/2020, 10:31:22 PM] info: GET 200 /api/blogs {} body {} size 943 - 149.584 ms

[11/21/2020, 10:31:23 PM] info: {}
[11/21/2020, 10:31:23 PM] info: PUT 200 /api/blogs/5a422aa71b54a676234d17f9 {} body {"title":"Hi","author":"Bolik","url":"http/..","likes":5} size 89 - 149.750 ms

[11/21/2020, 10:31:23 PM] info: {}
[11/21/2020, 10:31:23 PM] info: GET 200 /api/blogs {} body {} size 727 - 135.942 ms

[11/21/2020, 10:31:24 PM] info: {}
[11/21/2020, 10:31:24 PM] info: POST 201 /api/blogs {} body {"title":"Hello","author":"Lolik","url":"http/.."} size 92 - 146.085 ms

[11/21/2020, 10:31:24 PM] info: {}
[11/21/2020, 10:31:24 PM] info: GET 200 /api/blogs {} body {} size 943 - 230.165 ms

[11/21/2020, 10:31:25 PM] info: {}
[11/21/2020, 10:31:26 PM] info: {}
[11/21/2020, 10:31:26 PM] info: DELETE 204 /api/blogs/5a422aa71b54a676234d17f7 {} body {} size - - 149.484 ms

[11/21/2020, 10:31:26 PM] info: {}
[11/21/2020, 10:31:26 PM] info: GET 200 /api/blogs {} body {} size 640 - 147.365 ms

[11/21/2020, 10:33:25 PM] info: POST - /api/blogs {} body {"author":"Lolik","likes":8} size - - - ms

[11/21/2020, 10:35:05 PM] info: {}
[11/21/2020, 10:35:05 PM] info: GET 200 /api/blogs {} body {} size 850 - 160.368 ms

[11/21/2020, 10:35:06 PM] info: {}
[11/21/2020, 10:35:06 PM] info: GET 200 /api/blogs/5a422aa71b54a676234d17f8 {} body {} size 212 - 130.984 ms

[11/21/2020, 10:35:07 PM] info: {}
[11/21/2020, 10:35:07 PM] info: POST 201 /api/blogs {} body {"title":"Hello","author":"Lolik","url":"http/..","likes":8} size 92 - 145.878 ms

[11/21/2020, 10:35:07 PM] info: {}
[11/21/2020, 10:35:07 PM] info: GET 200 /api/blogs {} body {} size 943 - 130.817 ms

[11/21/2020, 10:35:08 PM] info: {}
[11/21/2020, 10:35:08 PM] info: PUT 200 /api/blogs/5a422aa71b54a676234d17f9 {} body {"title":"Hi","author":"Bolik","url":"http/..","likes":5} size 89 - 140.029 ms

[11/21/2020, 10:35:08 PM] info: {}
[11/21/2020, 10:35:08 PM] info: GET 200 /api/blogs {} body {} size 727 - 130.238 ms

[11/21/2020, 10:35:09 PM] info: {}
[11/21/2020, 10:35:09 PM] info: POST 201 /api/blogs {} body {"title":"Hello","author":"Lolik","url":"http/.."} size 92 - 140.763 ms

[11/21/2020, 10:35:09 PM] info: {}
[11/21/2020, 10:35:09 PM] info: GET 200 /api/blogs {} body {} size 943 - 134.141 ms

[11/21/2020, 10:35:10 PM] info: {}
[11/21/2020, 10:35:10 PM] info: DELETE 204 /api/blogs/5a422aa71b54a676234d17f7 {} body {} size - - 128.107 ms

[11/21/2020, 10:35:10 PM] info: {}
[11/21/2020, 10:35:11 PM] info: GET 200 /api/blogs {} body {} size 640 - 124.543 ms

[11/21/2020, 10:37:42 PM] info: {}
[11/21/2020, 10:37:42 PM] info: GET 200 /api/blogs {} body {} size 850 - 163.744 ms

[11/21/2020, 10:37:43 PM] info: {}
[11/21/2020, 10:37:43 PM] info: GET 200 /api/blogs/5a422aa71b54a676234d17f8 {} body {} size 212 - 134.898 ms

[11/21/2020, 10:37:44 PM] info: {}
[11/21/2020, 10:37:44 PM] info: POST 201 /api/blogs {} body {"title":"Hello","author":"Lolik","url":"http/..","likes":8} size 92 - 147.358 ms

[11/21/2020, 10:37:44 PM] info: {}
[11/21/2020, 10:37:44 PM] info: GET 200 /api/blogs {} body {} size 943 - 136.953 ms

[11/21/2020, 10:37:44 PM] info: {}
[11/21/2020, 10:37:45 PM] info: PUT 200 /api/blogs/5a422aa71b54a676234d17f9 {} body {"title":"Hi","author":"Bolik","url":"http/..","likes":5} size 89 - 137.658 ms

[11/21/2020, 10:37:45 PM] info: {}
[11/21/2020, 10:37:45 PM] info: GET 200 /api/blogs {} body {} size 727 - 136.875 ms

[11/21/2020, 10:37:45 PM] info: {}
[11/21/2020, 10:37:46 PM] info: POST 201 /api/blogs {} body {"title":"Hello","author":"Lolik","url":"http/.."} size 92 - 138.359 ms

[11/21/2020, 10:37:46 PM] info: {}
[11/21/2020, 10:37:46 PM] info: GET 200 /api/blogs {} body {} size 943 - 130.251 ms

[11/21/2020, 10:37:46 PM] info: {}
[11/21/2020, 10:37:47 PM] info: {}
[11/21/2020, 10:37:47 PM] info: DELETE 204 /api/blogs/5a422aa71b54a676234d17f7 {} body {} size - - 140.398 ms

[11/21/2020, 10:37:47 PM] info: {}
[11/21/2020, 10:37:47 PM] info: GET 200 /api/blogs {} body {} size 640 - 136.108 ms

[11/21/2020, 10:39:46 PM] info: POST - /api/blogs {} body {"author":"Lolik","likes":8} size - - - ms

[11/22/2020, 12:57:13 PM] info: {}
[11/22/2020, 12:57:15 PM] info: GET 200 /api/blogs {} body {} size 2 - 2449.100 ms

[11/22/2020, 12:57:16 PM] info: {}
[11/22/2020, 12:57:16 PM] info: GET 200 /api/blogs/5a422aa71b54a676234d17f8 {} body {} size 212 - 141.958 ms

[11/22/2020, 12:57:17 PM] info: {}
[11/22/2020, 12:57:17 PM] info: POST 201 /api/blogs {} body {"title":"Hello","author":"Lolik","url":"http/..","likes":8} size 92 - 235.908 ms

[11/22/2020, 12:57:17 PM] info: {}
[11/22/2020, 12:57:17 PM] info: GET 200 /api/blogs {} body {} size 943 - 152.460 ms

[11/22/2020, 12:57:18 PM] info: {}
[11/22/2020, 12:57:18 PM] info: PUT 200 /api/blogs/5a422aa71b54a676234d17f9 {} body {"title":"Hi","author":"Bolik","url":"http/..","likes":5} size 89 - 159.008 ms

[11/22/2020, 12:57:18 PM] info: {}
[11/22/2020, 12:57:18 PM] info: GET 200 /api/blogs {} body {} size 727 - 156.754 ms

[11/22/2020, 12:57:19 PM] info: {}
[11/22/2020, 12:57:19 PM] info: POST 201 /api/blogs {} body {"title":"Hello","author":"Lolik","url":"http/.."} size 92 - 146.976 ms

[11/22/2020, 12:57:19 PM] info: {}
[11/22/2020, 12:57:19 PM] info: GET 200 /api/blogs {} body {} size 943 - 132.168 ms

[11/22/2020, 12:57:20 PM] info: {}
[11/22/2020, 12:57:21 PM] info: {}
[11/22/2020, 12:57:21 PM] info: DELETE 204 /api/blogs/5a422aa71b54a676234d17f7 {} body {} size - - 157.807 ms

[11/22/2020, 12:57:21 PM] info: {}
[11/22/2020, 12:57:22 PM] info: GET 200 /api/blogs {} body {} size 640 - 137.330 ms

[11/22/2020, 12:59:22 PM] info: {}
[11/22/2020, 12:59:22 PM] info: GET 200 /api/blogs {} body {} size 2 - 262.029 ms

[11/22/2020, 12:59:23 PM] info: {}
[11/22/2020, 12:59:23 PM] info: GET 200 /api/blogs/5a422aa71b54a676234d17f8 {} body {} size 212 - 151.957 ms

[11/22/2020, 12:59:24 PM] info: {}
[11/22/2020, 12:59:24 PM] info: POST 201 /api/blogs {} body {"title":"Hello","author":"Lolik","url":"http/..","likes":8} size 92 - 163.901 ms

[11/22/2020, 12:59:24 PM] info: {}
[11/22/2020, 12:59:24 PM] info: GET 200 /api/blogs {} body {} size 943 - 154.702 ms

[11/22/2020, 12:59:25 PM] info: {}
[11/22/2020, 12:59:25 PM] info: PUT 200 /api/blogs/5a422aa71b54a676234d17f9 {} body {"title":"Hi","author":"Bolik","url":"http/..","likes":5} size 89 - 140.770 ms

[11/22/2020, 12:59:25 PM] info: {}
[11/22/2020, 12:59:25 PM] info: GET 200 /api/blogs {} body {} size 727 - 150.421 ms

[11/22/2020, 12:59:26 PM] info: {}
[11/22/2020, 12:59:26 PM] info: POST 201 /api/blogs {} body {"title":"Hello","author":"Lolik","url":"http/.."} size 92 - 147.053 ms

[11/22/2020, 12:59:26 PM] info: {}
[11/22/2020, 12:59:26 PM] info: GET 200 /api/blogs {} body {} size 943 - 129.172 ms

[11/22/2020, 12:59:27 PM] info: {}
[11/22/2020, 12:59:28 PM] info: {}
[11/22/2020, 12:59:28 PM] info: DELETE 204 /api/blogs/5a422aa71b54a676234d17f7 {} body {} size - - 178.051 ms

[11/22/2020, 12:59:28 PM] info: {}
[11/22/2020, 12:59:28 PM] info: GET 200 /api/blogs {} body {} size 640 - 188.397 ms

[11/22/2020, 1:00:52 PM] info: {}
[11/22/2020, 1:00:52 PM] info: GET 200 /api/blogs {} body {} size 231 - 193.513 ms

[11/22/2020, 1:00:52 PM] info: {}
[11/22/2020, 1:00:52 PM] info: GET 404 /favicon.ico {} body {} size 28 - 3.373 ms

[11/22/2020, 1:01:27 PM] info: POST - /api/blogs {} body {"author":"Lolik","likes":8} size - - - ms

[11/22/2020, 1:02:41 PM] info: {}
[11/22/2020, 1:02:43 PM] info: GET 200 /api/blogs {} body {} size 2 - 2509.414 ms

[11/22/2020, 1:04:25 PM] info: {}
[11/22/2020, 1:04:25 PM] info: GET 200 /api/blogs {} body {} size 850 - 167.745 ms

[11/22/2020, 1:04:26 PM] info: {}
[11/22/2020, 1:04:26 PM] info: GET 200 /api/blogs/5a422aa71b54a676234d17f8 {} body {} size 212 - 142.061 ms

[11/22/2020, 1:04:27 PM] info: {}
[11/22/2020, 1:04:27 PM] info: POST 201 /api/blogs {} body {"title":"Hello","author":"Lolik","url":"http/..","likes":8} size 92 - 180.082 ms

[11/22/2020, 1:04:27 PM] info: {}
[11/22/2020, 1:04:27 PM] info: GET 200 /api/blogs {} body {} size 943 - 117.902 ms

[11/22/2020, 1:04:28 PM] info: {}
[11/22/2020, 1:04:28 PM] info: PUT 200 /api/blogs/5a422aa71b54a676234d17f9 {} body {"title":"Hi","author":"Bolik","url":"http/..","likes":5} size 89 - 148.878 ms

[11/22/2020, 1:04:28 PM] info: {}
[11/22/2020, 1:04:28 PM] info: GET 200 /api/blogs {} body {} size 727 - 147.393 ms

[11/22/2020, 1:04:29 PM] info: {}
[11/22/2020, 1:04:29 PM] info: POST 201 /api/blogs {} body {"title":"Hello","author":"Lolik","url":"http/.."} size 92 - 155.754 ms

[11/22/2020, 1:04:29 PM] info: {}
[11/22/2020, 1:04:29 PM] info: GET 200 /api/blogs {} body {} size 943 - 138.863 ms

[11/22/2020, 1:04:30 PM] info: {}
[11/22/2020, 1:04:30 PM] info: {}
[11/22/2020, 1:04:31 PM] info: DELETE 204 /api/blogs/5a422aa71b54a676234d17f7 {} body {} size - - 150.545 ms

[11/22/2020, 1:04:31 PM] info: {}
[11/22/2020, 1:04:31 PM] info: GET 200 /api/blogs {} body {} size 640 - 144.635 ms

[11/22/2020, 1:19:25 PM] info: {}
[11/22/2020, 1:19:35 PM] info: {}
[11/22/2020, 1:19:45 PM] info: {}
[11/22/2020, 1:19:55 PM] info: {}
[11/22/2020, 1:20:05 PM] info: {}
[11/22/2020, 1:20:15 PM] info: {}
[11/22/2020, 1:20:20 PM] info: {}
[11/22/2020, 1:21:25 PM] info: GET - /api/blogs {} body {} size - - - ms

[11/22/2020, 1:21:35 PM] info: GET - /api/blogs/5a422aa71b54a676234d17f8 {} body {} size - - - ms

[11/22/2020, 1:21:45 PM] info: POST - /api/blogs {} body {"title":"Hello","author":"Lolik","url":"http/..","likes":8} size - - - ms

[11/22/2020, 1:21:55 PM] info: PUT - /api/blogs/5a422aa71b54a676234d17f9 {} body {"title":"Hi","author":"Bolik","url":"http/..","likes":5} size - - - ms

[11/22/2020, 1:22:05 PM] info: POST - /api/blogs {} body {"title":"Hello","author":"Lolik","url":"http/.."} size - - - ms

[11/22/2020, 1:22:15 PM] info: POST - /api/blogs {} body {"author":"Lolik","likes":8} size - - - ms

[11/22/2020, 1:22:20 PM] info: DELETE - /api/blogs/5a422aa71b54a676234d17f7 {} body {} size - - - ms

[11/22/2020, 1:25:46 PM] info: {}
[11/22/2020, 1:25:46 PM] info: GET 200 /api/blogs {} body {} size 850 - 222.228 ms

[11/22/2020, 1:25:47 PM] info: {}
[11/22/2020, 1:25:47 PM] info: GET 200 /api/blogs/5a422aa71b54a676234d17f8 {} body {} size 212 - 133.994 ms

[11/22/2020, 1:25:48 PM] info: {}
[11/22/2020, 1:25:48 PM] info: POST 201 /api/blogs {} body {"title":"Hello","author":"Lolik","url":"http/..","likes":8} size 92 - 146.964 ms

[11/22/2020, 1:25:48 PM] info: {}
[11/22/2020, 1:25:48 PM] info: GET 200 /api/blogs {} body {} size 943 - 139.093 ms

[11/22/2020, 1:25:49 PM] info: {}
[11/22/2020, 1:25:49 PM] info: PUT 200 /api/blogs/5a422aa71b54a676234d17f9 {} body {"title":"Hi","author":"Bolik","url":"http/..","likes":5} size 89 - 148.975 ms

[11/22/2020, 1:25:49 PM] info: {}
[11/22/2020, 1:25:49 PM] info: GET 200 /api/blogs {} body {} size 727 - 126.285 ms

[11/22/2020, 1:25:50 PM] info: {}
[11/22/2020, 1:25:50 PM] info: POST 201 /api/blogs {} body {"title":"Hello","author":"Lolik","url":"http/.."} size 92 - 129.449 ms

[11/22/2020, 1:25:50 PM] info: {}
[11/22/2020, 1:25:50 PM] info: GET 200 /api/blogs {} body {} size 943 - 136.948 ms

[11/22/2020, 1:25:51 PM] info: {}
[11/22/2020, 1:25:52 PM] info: {}
[11/22/2020, 1:25:52 PM] info: DELETE 204 /api/blogs/5a422aa71b54a676234d17f7 {} body {} size - - 139.754 ms

[11/22/2020, 1:25:52 PM] info: {}
[11/22/2020, 1:25:52 PM] info: GET 200 /api/blogs {} body {} size 640 - 135.931 ms

[11/22/2020, 1:27:11 PM] info: {}
[11/22/2020, 1:27:11 PM] info: GET 200 /api/blogs {} body {} size 850 - 165.523 ms

[11/22/2020, 1:27:12 PM] info: {}
[11/22/2020, 1:27:12 PM] info: GET 200 /api/blogs/5a422aa71b54a676234d17f8 {} body {} size 212 - 143.110 ms

[11/22/2020, 1:27:13 PM] info: {}
[11/22/2020, 1:27:13 PM] info: POST 201 /api/blogs {} body {"title":"Hello","author":"Lolik","url":"http/..","likes":8} size 92 - 145.935 ms

[11/22/2020, 1:27:13 PM] info: {}
[11/22/2020, 1:27:13 PM] info: GET 200 /api/blogs {} body {} size 943 - 137.123 ms

[11/22/2020, 1:27:14 PM] info: {}
[11/22/2020, 1:27:14 PM] info: PUT 200 /api/blogs/5a422aa71b54a676234d17f9 {} body {"title":"Hi","author":"Bolik","url":"http/..","likes":5} size 89 - 161.630 ms

[11/22/2020, 1:27:14 PM] info: {}
[11/22/2020, 1:27:14 PM] info: GET 200 /api/blogs {} body {} size 727 - 127.742 ms

[11/22/2020, 1:27:15 PM] info: {}
[11/22/2020, 1:27:15 PM] info: POST 201 /api/blogs {} body {"title":"Hello","author":"Lolik","url":"http/.."} size 92 - 148.881 ms

[11/22/2020, 1:27:15 PM] info: {}
[11/22/2020, 1:27:15 PM] info: GET 200 /api/blogs {} body {} size 943 - 171.200 ms

[11/22/2020, 1:27:16 PM] info: {}
[11/22/2020, 1:27:17 PM] info: {}
[11/22/2020, 1:27:17 PM] info: DELETE 204 /api/blogs/5a422aa71b54a676234d17f7 {} body {} size - - 149.905 ms

[11/22/2020, 1:27:17 PM] info: {}
[11/22/2020, 1:27:17 PM] info: GET 200 /api/blogs {} body {} size 640 - 125.581 ms

[11/22/2020, 2:14:13 PM] info: {}
[11/22/2020, 2:14:13 PM] info: GET 404 /api/users {} body {} size 28 - 27.938 ms

[11/22/2020, 2:14:13 PM] info: {}
[11/22/2020, 2:14:13 PM] info: GET 404 /favicon.ico {} body {} size 28 - 1.848 ms

[11/22/2020, 2:15:58 PM] info: {}
[11/22/2020, 2:15:59 PM] info: GET 304 /api/blogs {} body {} size - - 338.790 ms

[11/22/2020, 2:16:04 PM] info: {}
[11/22/2020, 2:16:04 PM] info: GET 404 /api/users {} body {} size 28 - 1.981 ms

[11/22/2020, 2:16:28 PM] info: {}
[11/22/2020, 2:16:28 PM] info: GET 404 /api/users {} body {} size 28 - 3.687 ms

[11/22/2020, 2:16:28 PM] info: {}
[11/22/2020, 2:16:28 PM] info: GET 404 /api/users {} body {} size 28 - 1.825 ms

[11/22/2020, 2:20:18 PM] info: {}
[11/22/2020, 2:20:18 PM] info: GET 404 /api/users {} body {} size 28 - 2.132 ms

[11/22/2020, 2:20:19 PM] info: {}
[11/22/2020, 2:20:19 PM] info: GET 404 /api/users {} body {} size 28 - 2.342 ms

[11/22/2020, 2:20:20 PM] info: {}
[11/22/2020, 2:20:20 PM] info: GET 404 /api/users {} body {} size 28 - 2.756 ms

[11/22/2020, 2:20:21 PM] info: {}
[11/22/2020, 2:20:21 PM] info: GET 404 /api/users {} body {} size 28 - 3.461 ms

[11/22/2020, 2:20:52 PM] info: {}
[11/22/2020, 2:20:52 PM] info: GET 404 /api/users {} body {} size 28 - 1.942 ms

[11/22/2020, 2:20:52 PM] info: {}
[11/22/2020, 2:20:52 PM] info: GET 404 /api/users {} body {} size 28 - 1.469 ms

[11/22/2020, 2:20:57 PM] info: {}
[11/22/2020, 2:20:57 PM] info: GET 404 /api/users {} body {} size 28 - 2.480 ms

[11/22/2020, 2:20:57 PM] info: {}
[11/22/2020, 2:20:57 PM] info: GET 404 /api/users {} body {} size 28 - 2.475 ms

[11/22/2020, 2:20:58 PM] info: {}
[11/22/2020, 2:20:58 PM] info: GET 404 /api/users {} body {} size 28 - 2.416 ms

[11/22/2020, 2:21:31 PM] info: {}
[11/22/2020, 2:21:31 PM] info: GET 404 /api/users {} body {} size 28 - 2.080 ms

[11/22/2020, 2:21:38 PM] info: {}
[11/22/2020, 2:21:38 PM] info: GET 304 /api/blogs {} body {} size - - 155.992 ms

[11/22/2020, 2:23:05 PM] info: {}
[11/22/2020, 2:23:05 PM] info: GET 304 /api/blogs {} body {} size - - 134.445 ms

[11/22/2020, 2:23:11 PM] info: {}
[11/22/2020, 2:23:11 PM] info: GET 404 /api/users {} body {} size 28 - 3.505 ms

[11/22/2020, 2:25:32 PM] info: {}
[11/22/2020, 2:25:32 PM] info: GET 404 /api/users {} body {} size 28 - 3.204 ms

[11/22/2020, 2:26:06 PM] info: {}
[11/22/2020, 2:26:06 PM] info: GET 404 /api/users {} body {} size 28 - 2.158 ms

[11/22/2020, 2:28:03 PM] info: {}
[11/22/2020, 2:28:03 PM] info: GET 404 /api/users {} body {} size 28 - 2.388 ms

[11/22/2020, 2:33:08 PM] info: {}
[11/22/2020, 2:33:08 PM] info: GET 404 /api/users {} body {} size 28 - 2.434 ms

[11/22/2020, 2:33:09 PM] info: {}
[11/22/2020, 2:33:09 PM] info: GET 404 /api/users {} body {} size 28 - 2.105 ms

[11/22/2020, 2:33:18 PM] info: {}
[11/22/2020, 2:33:18 PM] info: GET 404 /api/users {} body {} size 28 - 2.969 ms

[11/22/2020, 2:33:19 PM] info: {}
[11/22/2020, 2:33:19 PM] info: GET 404 /api/users {} body {} size 28 - 1.644 ms

[11/22/2020, 2:33:19 PM] info: {}
[11/22/2020, 2:33:19 PM] info: GET 404 /api/users {} body {} size 28 - 1.989 ms

[11/22/2020, 2:35:05 PM] info: {}
[11/22/2020, 2:35:05 PM] info: GET 404 /api/users {} body {} size 28 - 2.876 ms

[11/22/2020, 2:35:06 PM] info: {}
[11/22/2020, 2:35:06 PM] info: GET 404 /api/users {} body {} size 28 - 1.662 ms

[11/22/2020, 2:35:07 PM] info: {}
[11/22/2020, 2:35:07 PM] info: GET 404 /api/users {} body {} size 28 - 2.066 ms

[11/22/2020, 2:35:13 PM] info: {}
[11/22/2020, 2:35:13 PM] info: GET 304 /api/blogs {} body {} size - - 148.268 ms

[11/22/2020, 2:35:18 PM] info: {}
[11/22/2020, 2:35:18 PM] info: GET 404 /api/users {} body {} size 28 - 1.777 ms

[11/22/2020, 2:36:35 PM] info: {}
[11/22/2020, 2:36:35 PM] info: POST 404 /api/users {} body {"title":"Welcome","author":"Ola","url":"http/..","likes":5} size 28 - 11.927 ms

[11/22/2020, 2:41:56 PM] info: {}
[11/22/2020, 2:41:56 PM] info: POST 400 /api/users {} body {} size 1137 - 3.583 ms

[11/22/2020, 2:42:57 PM] info: {}
[11/22/2020, 2:42:57 PM] info: POST 400 /api/users {} body {} size 1141 - 2.134 ms

[11/22/2020, 2:44:09 PM] info: {}
[11/22/2020, 2:44:09 PM] info: POST 400 /api/users {} body {} size 1142 - 3.088 ms

[11/22/2020, 2:44:32 PM] info: {}
[11/22/2020, 2:44:32 PM] info: POST 400 /api/users {} body {} size 1142 - 2.610 ms

[11/22/2020, 2:44:48 PM] info: {}
[11/22/2020, 2:44:48 PM] info: POST 400 /api/users {} body {} size 1142 - 2.066 ms

[11/22/2020, 2:46:11 PM] info: {}
[11/22/2020, 2:46:11 PM] info: POST 400 /api/users {} body {} size 1138 - 1.734 ms

[11/22/2020, 2:46:35 PM] info: {}
[11/22/2020, 2:46:35 PM] info: POST 404 /api/users {} body {"username":"root","name":"Superuser","password":"salainen"} size 28 - 2.015 ms

[11/22/2020, 2:46:39 PM] info: {}
[11/22/2020, 2:46:39 PM] info: POST 404 /api/users {} body {"username":"root","name":"Superuser","password":"salainen"} size 28 - 2.346 ms

[11/22/2020, 2:49:34 PM] info: {}
[11/22/2020, 2:49:34 PM] info: GET 404 /api/users {} body {} size 28 - 1.685 ms

[11/22/2020, 2:49:34 PM] info: {}
[11/22/2020, 2:49:34 PM] info: GET 404 /api/users {} body {} size 28 - 2.070 ms

[11/22/2020, 2:49:35 PM] info: {}
[11/22/2020, 2:49:35 PM] info: GET 404 /api/users {} body {} size 28 - 3.069 ms

[11/22/2020, 2:50:13 PM] info: {}
[11/22/2020, 2:50:13 PM] info: GET 404 /api/users {} body {} size 28 - 1.999 ms

[11/22/2020, 2:50:14 PM] info: {}
[11/22/2020, 2:50:14 PM] info: GET 404 /api/users {} body {} size 28 - 2.030 ms

[11/22/2020, 3:27:09 PM] info: {}
[11/22/2020, 3:27:09 PM] info: GET 404 /api/users {} body {} size 28 - 1.910 ms

[11/22/2020, 3:27:09 PM] info: {}
[11/22/2020, 3:27:09 PM] info: GET 404 /api/users {} body {} size 28 - 2.720 ms

[11/22/2020, 3:27:10 PM] info: {}
[11/22/2020, 3:27:10 PM] info: GET 404 /api/users {} body {} size 28 - 2.366 ms

[11/22/2020, 3:27:38 PM] info: {}
[11/22/2020, 3:27:38 PM] info: POST 404 /api/users {} body {"username":"root","name":"Superuser","password":"salainen"} size 28 - 2.270 ms

[11/22/2020, 3:27:40 PM] info: {}
[11/22/2020, 3:27:40 PM] info: POST 404 /api/users {} body {"username":"root","name":"Superuser","password":"salainen"} size 28 - 2.088 ms

[11/22/2020, 3:31:54 PM] info: {}
[11/22/2020, 3:31:54 PM] info: GET 404 /api/users {} body {} size 28 - 2.899 ms

[11/22/2020, 3:31:55 PM] info: {}
[11/22/2020, 3:31:55 PM] info: GET 404 /api/users {} body {} size 28 - 2.090 ms

[11/22/2020, 3:31:56 PM] info: {}
[11/22/2020, 3:31:56 PM] info: GET 404 /api/users {} body {} size 28 - 1.916 ms

[11/22/2020, 3:32:52 PM] info: {}
[11/22/2020, 3:32:52 PM] info: GET 404 /api/users {} body {} size 28 - 2.116 ms

[11/22/2020, 3:32:53 PM] info: {}
[11/22/2020, 3:32:53 PM] info: GET 404 /api/users {} body {} size 28 - 2.125 ms

[11/22/2020, 3:32:57 PM] info: {}
[11/22/2020, 3:32:58 PM] info: GET 304 /api/blogs {} body {} size - - 128.015 ms

[11/22/2020, 3:33:59 PM] info: {}
[11/22/2020, 3:33:59 PM] info: GET 304 /api/blogs {} body {} size - - 145.871 ms

[11/22/2020, 3:34:03 PM] info: {}
[11/22/2020, 3:34:03 PM] info: GET 404 /api/users {} body {} size 28 - 2.234 ms

[11/22/2020, 3:34:30 PM] info: {}
[11/22/2020, 3:34:30 PM] info: POST 404 /api/users {} body {"username":"root","name":"Superuser","password":"salainen"} size 28 - 1.979 ms

[11/22/2020, 3:34:37 PM] info: {}
[11/22/2020, 3:34:37 PM] info: POST 404 / {} body {"username":"root","name":"Superuser","password":"salainen"} size 28 - 2.094 ms

[11/22/2020, 3:34:38 PM] info: {}
[11/22/2020, 3:34:38 PM] info: POST 404 / {} body {"username":"root","name":"Superuser","password":"salainen"} size 28 - 2.257 ms

[11/22/2020, 3:35:10 PM] info: {}
[11/22/2020, 3:35:10 PM] info: GET 404 /api/users {} body {} size 28 - 1.414 ms

[11/22/2020, 3:35:20 PM] info: {}
[11/22/2020, 3:35:20 PM] info: POST 400 /api/users {} body {} size 1142 - 1.761 ms

[11/22/2020, 3:40:06 PM] info: {}
[11/22/2020, 3:40:06 PM] info: GET 404 / {} body {} size 28 - 2.171 ms

[11/22/2020, 3:40:14 PM] info: {}
[11/22/2020, 3:40:14 PM] info: GET 404 /api/users {} body {} size 28 - 2.493 ms

[11/22/2020, 3:40:16 PM] info: {}
[11/22/2020, 3:40:16 PM] info: GET 404 /api/users {} body {} size 28 - 1.885 ms

[11/22/2020, 3:41:39 PM] info: {}
[11/22/2020, 3:41:39 PM] info: GET 404 /api/users {} body {} size 28 - 1.370 ms

[11/22/2020, 4:12:18 PM] info: {}
[11/22/2020, 4:12:18 PM] info: GET 404 /api/users {} body {} size 28 - 1.693 ms

[11/22/2020, 4:12:18 PM] info: {}
[11/22/2020, 4:12:18 PM] info: GET 404 /api/users {} body {} size 28 - 2.197 ms

[11/22/2020, 4:19:42 PM] info: {}
[11/22/2020, 4:19:42 PM] info: GET 404 /api/users {} body {} size 28 - 2.188 ms

[11/22/2020, 4:19:46 PM] info: {}
[11/22/2020, 4:19:46 PM] info: GET 404 /api/users {} body {} size 28 - 1.979 ms

[11/22/2020, 4:31:20 PM] info: {}
[11/22/2020, 4:31:20 PM] info: GET 404 /api/users {} body {} size 28 - 195.722 ms

[11/22/2020, 5:00:41 PM] info: {}
[11/22/2020, 5:00:43 PM] info: GET 304 /api/blogs {} body {} size - - 2741.308 ms

[11/22/2020, 5:00:55 PM] info: {}
[11/22/2020, 5:00:55 PM] info: GET 404 /api/users {} body {} size 28 - 2.168 ms

[11/22/2020, 5:10:21 PM] info: {}
[11/22/2020, 5:10:21 PM] info: GET 304 /api/blogs {} body {} size - - 144.592 ms

[11/22/2020, 5:11:33 PM] info: {}
[11/22/2020, 5:11:33 PM] info: GET 404 /api/users {} body {} size 28 - 1.541 ms

[11/22/2020, 7:38:08 PM] info: {}
[11/22/2020, 7:38:08 PM] info: GET 200 /api/blogs {} body {} size 231 - 183.433 ms

[11/22/2020, 7:38:18 PM] info: {}
[11/22/2020, 7:38:18 PM] info: GET 304 /api/blogs {} body {} size - - 131.263 ms

