[11/16/2020, 9:22:32 PM] info: {}
[11/16/2020, 9:22:33 PM] info: GET 200 /api/persons/ {} body {} size 223 - 261.710 ms

[11/16/2020, 9:22:40 PM] info: {}
[11/16/2020, 9:22:40 PM] info: POST 200 /api/persons/ {} body {"name":"00","number":"040-123456"} size 42 - 1.310 ms

[11/17/2020, 1:14:26 PM] info: {}
[11/17/2020, 1:14:26 PM] info: GET 404 /persons {} body {} size 146 - 24.947 ms

[11/17/2020, 1:14:30 PM] info: {}
[11/17/2020, 1:14:30 PM] info: OPTIONS 404 /persons {} body {} size 150 - 1.768 ms

[11/17/2020, 1:14:30 PM] info: {}
[11/17/2020, 1:14:30 PM] info: GET 404 /persons {} body {} size 146 - 1.215 ms

[11/17/2020, 1:14:30 PM] info: {}
[11/17/2020, 1:14:30 PM] info: GET 404 /persons {} body {} size 146 - 1.922 ms

[11/17/2020, 1:14:31 PM] info: {}
[11/17/2020, 1:14:31 PM] info: OPTIONS 404 /persons {} body {} size 150 - 2.326 ms

[11/17/2020, 1:14:31 PM] info: {}
[11/17/2020, 1:14:31 PM] info: GET 404 /persons {} body {} size 146 - 1.581 ms

[11/17/2020, 1:14:31 PM] info: {}
[11/17/2020, 1:14:31 PM] info: GET 404 /persons {} body {} size 146 - 1.424 ms

[11/17/2020, 1:14:32 PM] info: {}
[11/17/2020, 1:14:32 PM] info: OPTIONS 404 /persons {} body {} size 150 - 2.726 ms

[11/17/2020, 1:14:32 PM] info: {}
[11/17/2020, 1:14:32 PM] info: GET 404 /persons {} body {} size 146 - 0.888 ms

[11/17/2020, 1:14:32 PM] info: {}
[11/17/2020, 1:14:32 PM] info: GET 404 /persons {} body {} size 146 - 1.916 ms

[11/17/2020, 1:15:22 PM] info: {}
[11/17/2020, 1:15:22 PM] info: GET 404 /persons {} body {} size 146 - 1.769 ms

[11/17/2020, 1:15:58 PM] info: {}
[11/17/2020, 1:15:58 PM] info: GET 304 /api/persons {} body {} size - - 4.667 ms

[11/17/2020, 1:16:04 PM] info: {}
[11/17/2020, 1:16:04 PM] info: GET 304 /api/persons {} body {} size - - 1.773 ms

[11/17/2020, 1:17:34 PM] info: {}
[11/17/2020, 1:17:34 PM] info: GET 304 /api/persons {} body {} size - - 1.513 ms

[11/17/2020, 1:17:34 PM] info: {}
[11/17/2020, 1:17:34 PM] info: GET 404 /favicon.ico {} body {} size 150 - 1.414 ms

[11/17/2020, 1:18:02 PM] info: {}
[11/17/2020, 1:18:02 PM] info: OPTIONS 200 /api/persons {} body {} size 13 - 3.067 ms

[11/17/2020, 1:18:02 PM] info: {}
[11/17/2020, 1:18:02 PM] info: GET 304 /api/persons {} body {} size - - 2.126 ms

[11/17/2020, 1:18:03 PM] info: {}
[11/17/2020, 1:18:03 PM] info: GET 304 /api/persons {} body {} size - - 2.387 ms

[11/17/2020, 1:18:03 PM] info: {}
[11/17/2020, 1:18:03 PM] info: OPTIONS 200 /api/persons {} body {} size 13 - 1.100 ms

[11/17/2020, 1:18:03 PM] info: {}
[11/17/2020, 1:18:03 PM] info: GET 304 /api/persons {} body {} size - - 0.790 ms

[11/17/2020, 1:18:04 PM] info: {}
[11/17/2020, 1:18:04 PM] info: GET 304 /api/persons {} body {} size - - 1.205 ms

[11/17/2020, 1:18:04 PM] info: {}
[11/17/2020, 1:18:04 PM] info: OPTIONS 200 /api/persons {} body {} size 13 - 2.233 ms

[11/17/2020, 1:18:04 PM] info: {}
[11/17/2020, 1:18:04 PM] info: GET 304 /api/persons {} body {} size - - 1.878 ms

[11/17/2020, 1:18:04 PM] info: {}
[11/17/2020, 1:18:04 PM] info: GET 304 /api/persons {} body {} size - - 1.074 ms

[11/17/2020, 1:18:05 PM] info: {}
[11/17/2020, 1:18:05 PM] info: OPTIONS 200 /api/persons {} body {} size 13 - 1.904 ms

[11/17/2020, 1:18:05 PM] info: {}
[11/17/2020, 1:18:05 PM] info: GET 304 /api/persons {} body {} size - - 0.825 ms

[11/17/2020, 1:18:05 PM] info: {}
[11/17/2020, 1:18:05 PM] info: GET 304 /api/persons {} body {} size - - 1.661 ms

[11/17/2020, 1:18:05 PM] info: {}
[11/17/2020, 1:18:05 PM] info: OPTIONS 200 /api/persons {} body {} size 13 - 2.331 ms

[11/17/2020, 1:18:05 PM] info: {}
[11/17/2020, 1:18:05 PM] info: GET 304 /api/persons {} body {} size - - 0.642 ms

[11/17/2020, 1:18:06 PM] info: {}
[11/17/2020, 1:18:06 PM] info: GET 304 /api/persons {} body {} size - - 0.972 ms

[11/17/2020, 1:18:06 PM] info: {}
[11/17/2020, 1:18:06 PM] info: OPTIONS 200 /api/persons {} body {} size 13 - 2.116 ms

[11/17/2020, 1:18:06 PM] info: {}
[11/17/2020, 1:18:06 PM] info: GET 304 /api/persons {} body {} size - - 0.703 ms

[11/17/2020, 1:18:07 PM] info: {}
[11/17/2020, 1:18:07 PM] info: GET 304 /api/persons {} body {} size - - 1.723 ms

[11/17/2020, 1:18:07 PM] info: {}
[11/17/2020, 1:18:07 PM] info: OPTIONS 200 /api/persons {} body {} size 13 - 2.309 ms

[11/17/2020, 1:18:07 PM] info: {}
[11/17/2020, 1:18:07 PM] info: GET 304 /api/persons {} body {} size - - 0.892 ms

[11/17/2020, 1:18:07 PM] info: {}
[11/17/2020, 1:18:07 PM] info: GET 304 /api/persons {} body {} size - - 1.518 ms

[11/17/2020, 1:32:15 PM] info: {}
[11/17/2020, 1:32:16 PM] info: GET 200 /api/persons {} body {} size 223 - 24.688 ms

[11/17/2020, 1:48:55 PM] info: {}
[11/17/2020, 1:48:55 PM] info: GET 304 /api/persons {} body {} size - - 1.815 ms

[11/17/2020, 1:48:55 PM] info: {}
[11/17/2020, 1:48:55 PM] info: POST 200 /api/persons {} body {"name":"aaa","number":"111"} size 36 - 2.631 ms

[11/17/2020, 1:48:55 PM] info: {}
[11/17/2020, 1:48:55 PM] info: GET 200 /api/persons {} body {} size 260 - 1.542 ms

[11/17/2020, 1:48:59 PM] info: {}
[11/17/2020, 1:48:59 PM] info: DELETE 204 /api/persons/5 {} body {} size - - 1.328 ms

[11/17/2020, 1:48:59 PM] info: {}
[11/17/2020, 1:48:59 PM] info: GET 200 /api/persons {} body {} size 223 - 0.846 ms

[11/17/2020, 1:49:10 PM] info: {}
[11/17/2020, 1:49:10 PM] info: GET 304 /api/persons {} body {} size - - 1.118 ms

[11/17/2020, 1:49:10 PM] info: {}
[11/17/2020, 1:49:10 PM] info: POST 200 /api/persons {} body {"name":"Arto Hellas ","number":"111"} size 45 - 2.092 ms

[11/17/2020, 1:49:10 PM] info: {}
[11/17/2020, 1:49:10 PM] info: GET 200 /api/persons {} body {} size 269 - 1.392 ms

[11/17/2020, 1:49:15 PM] info: {}
[11/17/2020, 1:49:15 PM] info: GET 304 /api/persons {} body {} size - - 1.589 ms

[11/17/2020, 1:49:15 PM] info: {}
[11/17/2020, 1:49:15 PM] info: POST 400 /api/persons {} body {"name":"","number":""} size 34 - 1.236 ms

[11/17/2020, 1:49:15 PM] info: {}
[11/17/2020, 1:49:15 PM] info: GET 304 /api/persons {} body {} size - - 2.029 ms

[11/17/2020, 1:49:16 PM] info: {}
[11/17/2020, 1:49:16 PM] info: POST 400 /api/persons {} body {"name":"","number":""} size 34 - 2.106 ms

[11/17/2020, 1:49:16 PM] info: {}
[11/17/2020, 1:49:16 PM] info: GET 304 /api/persons {} body {} size - - 1.346 ms

[11/17/2020, 1:49:16 PM] info: {}
[11/17/2020, 1:49:16 PM] info: GET 304 /api/persons {} body {} size - - 1.159 ms

[11/17/2020, 1:49:31 PM] info: {}
[11/17/2020, 1:49:31 PM] info: GET 304 /api/persons {} body {} size - - 3.253 ms

[11/17/2020, 1:49:31 PM] info: {}
[11/17/2020, 1:49:31 PM] info: PUT 404 /api/persons/1 {} body {"name":"Arto Hellas","number":"112334","id":1} size 152 - 3.611 ms

[11/17/2020, 1:49:31 PM] info: {}
[11/17/2020, 1:49:31 PM] info: GET 304 /api/persons {} body {} size - - 1.607 ms

[11/17/2020, 1:49:44 PM] info: {}
[11/17/2020, 1:49:44 PM] info: GET 304 /api/persons {} body {} size - - 1.880 ms

[11/17/2020, 1:49:44 PM] info: {}
[11/17/2020, 1:49:44 PM] info: PUT 404 /api/persons/1 {} body {"name":"Arto Hellas","number":"444","id":1} size 152 - 1.056 ms

[11/17/2020, 1:49:44 PM] info: {}
[11/17/2020, 1:49:44 PM] info: GET 304 /api/persons {} body {} size - - 1.327 ms

[11/17/2020, 1:49:47 PM] info: {}
[11/17/2020, 1:49:47 PM] info: GET 304 /api/persons {} body {} size - - 1.455 ms

[11/17/2020, 1:49:47 PM] info: {}
[11/17/2020, 1:49:47 PM] info: GET 304 /api/persons {} body {} size - - 1.730 ms

[11/17/2020, 1:49:48 PM] info: {}
[11/17/2020, 1:49:48 PM] info: GET 304 /api/persons {} body {} size - - 1.655 ms

[11/17/2020, 1:50:01 PM] info: {}
[11/17/2020, 1:50:01 PM] info: GET 304 /api/persons {} body {} size - - 2.262 ms

[11/17/2020, 1:50:01 PM] info: {}
[11/17/2020, 1:50:01 PM] info: PUT 404 /api/persons/3 {} body {"name":"Dan Abramov","number":"555","id":3} size 152 - 0.704 ms

[11/17/2020, 1:50:01 PM] info: {}
[11/17/2020, 1:50:01 PM] info: GET 304 /api/persons {} body {} size - - 1.594 ms

[11/17/2020, 1:50:22 PM] info: {}
[11/17/2020, 1:50:22 PM] info: GET 304 /api/persons {} body {} size - - 1.183 ms

[11/17/2020, 1:50:22 PM] info: {}
[11/17/2020, 1:50:22 PM] info: DELETE 204 /api/persons/1 {} body {} size - - 0.752 ms

[11/17/2020, 1:50:25 PM] info: {}
[11/17/2020, 1:50:25 PM] info: DELETE 204 /api/persons/1 {} body {} size - - 1.359 ms

[11/17/2020, 1:50:25 PM] info: {}
[11/17/2020, 1:50:25 PM] info: GET 200 /api/persons {} body {} size 217 - 1.152 ms

[11/17/2020, 1:50:39 PM] info: {}
[11/17/2020, 1:50:39 PM] info: GET 304 /api/persons {} body {} size - - 1.208 ms

[11/17/2020, 1:50:39 PM] info: {}
[11/17/2020, 1:50:39 PM] info: PUT 404 /api/persons/4 {} body {"name":"Mary Poppendieck","number":"222","id":4} size 152 - 1.623 ms

[11/17/2020, 1:50:39 PM] info: {}
[11/17/2020, 1:50:39 PM] info: GET 304 /api/persons {} body {} size - - 1.319 ms

[11/17/2020, 1:51:19 PM] info: {}
[11/17/2020, 1:51:19 PM] info: DELETE 204 /api/persons/2 {} body {} size - - 1.265 ms

[11/17/2020, 1:51:19 PM] info: {}
[11/17/2020, 1:51:19 PM] info: GET 200 /api/persons {} body {} size 161 - 1.374 ms

[11/17/2020, 1:51:25 PM] info: {}
[11/17/2020, 1:51:25 PM] info: GET 304 /api/persons {} body {} size - - 1.052 ms

[11/17/2020, 1:51:25 PM] info: {}
[11/17/2020, 1:51:25 PM] info: POST 200 /api/persons {} body {"name":"qqq","number":"333"} size 36 - 0.720 ms

[11/17/2020, 1:51:25 PM] info: {}
[11/17/2020, 1:51:25 PM] info: GET 200 /api/persons {} body {} size 198 - 0.994 ms

[11/17/2020, 1:51:31 PM] info: {}
[11/17/2020, 1:51:31 PM] info: GET 304 /api/persons {} body {} size - - 1.542 ms

[11/17/2020, 1:51:37 PM] info: {}
[11/17/2020, 1:51:37 PM] info: GET 304 /api/persons {} body {} size - - 1.333 ms

[11/17/2020, 1:51:37 PM] info: {}
[11/17/2020, 1:51:37 PM] info: POST 200 /api/persons {} body {"name":"ww","number":"22"} size 34 - 0.882 ms

[11/17/2020, 1:51:37 PM] info: {}
[11/17/2020, 1:51:37 PM] info: GET 200 /api/persons {} body {} size 233 - 1.442 ms

[11/17/2020, 1:51:41 PM] info: {}
[11/17/2020, 1:51:41 PM] info: DELETE 204 /api/persons/7 {} body {} size - - 1.297 ms

[11/17/2020, 1:51:41 PM] info: {}
[11/17/2020, 1:51:41 PM] info: GET 200 /api/persons {} body {} size 198 - 1.158 ms

[11/17/2020, 1:51:49 PM] info: {}
[11/17/2020, 1:51:49 PM] info: GET 304 /api/persons {} body {} size - - 1.088 ms

[11/17/2020, 1:51:49 PM] info: {}
[11/17/2020, 1:51:49 PM] info: PUT 404 /api/persons/6 {} body {"name":"qqq","number":"33333","id":6} size 152 - 0.808 ms

[11/17/2020, 1:51:49 PM] info: {}
[11/17/2020, 1:51:49 PM] info: GET 304 /api/persons {} body {} size - - 1.550 ms

[11/17/2020, 1:51:56 PM] info: {}
[11/17/2020, 1:51:56 PM] info: GET 304 /api/persons {} body {} size - - 2.970 ms

[11/17/2020, 1:52:09 PM] info: {}
[11/17/2020, 1:52:09 PM] info: PUT 404 /api/persons/6 {} body {"name":"qqq","number":"222222","id":6} size 152 - 2.153 ms

[11/17/2020, 1:52:09 PM] info: {}
[11/17/2020, 1:52:09 PM] info: GET 304 /api/persons {} body {} size - - 0.998 ms

[11/17/2020, 1:52:10 PM] info: {}
[11/17/2020, 1:52:10 PM] info: GET 304 /api/persons {} body {} size - - 1.890 ms

[11/17/2020, 1:52:15 PM] info: {}
[11/17/2020, 1:52:15 PM] info: GET 304 /api/persons {} body {} size - - 1.143 ms

[11/17/2020, 1:52:16 PM] info: {}
[11/17/2020, 1:52:16 PM] info: GET 304 /api/persons {} body {} size - - 1.614 ms

[11/17/2020, 1:52:16 PM] info: {}
[11/17/2020, 1:52:16 PM] info: GET 304 /api/persons {} body {} size - - 1.445 ms

[11/17/2020, 1:52:31 PM] info: {}
[11/17/2020, 1:52:31 PM] info: GET 304 /api/persons {} body {} size - - 2.071 ms

[11/17/2020, 1:52:31 PM] info: {}
[11/17/2020, 1:52:31 PM] info: PUT 404 /api/persons/6 {} body {"name":"qqq","number":"333333","id":6} size 152 - 0.779 ms

[11/17/2020, 1:52:31 PM] info: {}
[11/17/2020, 1:52:31 PM] info: GET 304 /api/persons {} body {} size - - 1.036 ms

[11/17/2020, 1:59:38 PM] info: {}
[11/17/2020, 1:59:38 PM] info: GET 304 /api/persons {} body {} size - - 1.453 ms

[11/17/2020, 1:59:41 PM] info: {}
[11/17/2020, 1:59:41 PM] info: GET 304 /api/persons {} body {} size - - 1.143 ms

[11/17/2020, 1:59:51 PM] info: {}
[11/17/2020, 1:59:51 PM] info: GET 304 /api/persons {} body {} size - - 2.047 ms

[11/17/2020, 1:59:59 PM] info: {}
[11/17/2020, 1:59:59 PM] info: PUT 404 /api/persons/6 {} body {"name":"qqq","number":"333333","id":6} size 152 - 0.933 ms

[11/17/2020, 2:00:30 PM] info: {}
[11/17/2020, 2:00:30 PM] info: GET 304 /api/persons {} body {} size - - 1.452 ms

[11/17/2020, 2:00:34 PM] info: {}
[11/17/2020, 2:00:34 PM] info: GET 304 /api/persons {} body {} size - - 1.275 ms

[11/17/2020, 2:00:38 PM] info: {}
[11/17/2020, 2:00:38 PM] info: GET 304 /api/persons {} body {} size - - 1.657 ms

[11/17/2020, 2:00:45 PM] info: {}
[11/17/2020, 2:00:45 PM] info: GET 304 /api/persons {} body {} size - - 1.095 ms

[11/17/2020, 2:00:45 PM] info: {}
[11/17/2020, 2:00:45 PM] info: PUT 404 /api/persons/6 {} body {"name":"qqq","number":"22122","id":6} size 152 - 0.753 ms

[11/17/2020, 2:00:45 PM] info: {}
[11/17/2020, 2:00:45 PM] info: POST 400 /api/persons {} body {"name":"qqq","number":"22122"} size 31 - 0.948 ms

[11/17/2020, 2:00:55 PM] info: {}
[11/17/2020, 2:00:55 PM] info: GET 304 /api/persons {} body {} size - - 1.491 ms

[11/17/2020, 2:00:59 PM] info: {}
[11/17/2020, 2:00:59 PM] info: DELETE 204 /api/persons/3 {} body {} size - - 3.154 ms

[11/17/2020, 2:00:59 PM] info: {}
[11/17/2020, 2:00:59 PM] info: GET 200 /api/persons {} body {} size 144 - 1.890 ms

[11/17/2020, 2:01:09 PM] info: {}
[11/17/2020, 2:01:09 PM] info: GET 304 /api/persons {} body {} size - - 1.604 ms

[11/17/2020, 2:01:09 PM] info: {}
[11/17/2020, 2:01:09 PM] info: PUT 404 /api/persons/6 {} body {"name":"qqq","number":"5555","id":6} size 152 - 1.306 ms

[11/17/2020, 2:01:09 PM] info: {}
[11/17/2020, 2:01:09 PM] info: POST 400 /api/persons {} body {"name":"qqq","number":"5555"} size 31 - 0.599 ms

[11/17/2020, 2:01:20 PM] info: {}
[11/17/2020, 2:01:20 PM] info: GET 304 /api/persons {} body {} size - - 0.934 ms

[11/17/2020, 2:05:40 PM] info: {}
[11/17/2020, 2:05:40 PM] info: GET 304 /api/persons {} body {} size - - 1.567 ms

[11/17/2020, 2:11:35 PM] info: {}
[11/17/2020, 2:11:35 PM] info: GET 304 /api/persons {} body {} size - - 1.470 ms

[11/17/2020, 2:18:36 PM] info: {}
[11/17/2020, 2:18:36 PM] info: GET 304 /api/persons {} body {} size - - 1.695 ms

[11/17/2020, 2:18:42 PM] info: {}
[11/17/2020, 2:18:42 PM] info: GET 304 /api/persons {} body {} size - - 1.134 ms

[11/17/2020, 2:18:45 PM] info: {}
[11/17/2020, 2:18:45 PM] info: GET 304 /api/persons {} body {} size - - 1.865 ms

[11/17/2020, 2:18:51 PM] info: {}
[11/17/2020, 2:18:51 PM] info: POST 200 /api/persons {} body {"name":"aaa","number":"11","id":4} size 35 - 1.643 ms

[11/17/2020, 2:19:09 PM] info: {}
[11/17/2020, 2:19:09 PM] info: PUT 404 /api/persons/7 {} body {"name":"aaa","number":"2222","id":7} size 152 - 1.964 ms

[11/17/2020, 2:19:09 PM] info: {}
[11/17/2020, 2:19:09 PM] info: POST 400 /api/persons {} body {"name":"aaa","number":"2222","id":5} size 31 - 0.665 ms

[11/17/2020, 2:19:20 PM] info: {}
[11/17/2020, 2:19:20 PM] info: GET 200 /api/persons {} body {} size 180 - 1.722 ms

[11/17/2020, 2:19:28 PM] info: {}
[11/17/2020, 2:19:28 PM] info: POST 200 /api/persons {} body {"name":"wert","number":"2345","id":5} size 38 - 0.971 ms

[11/17/2020, 2:20:43 PM] info: {}
[11/17/2020, 2:20:43 PM] info: GET 200 /api/persons {} body {} size 219 - 1.487 ms

[11/17/2020, 2:21:00 PM] info: {}
[11/17/2020, 2:21:00 PM] info: PUT 404 /api/persons/8 {} body {"name":"wert","number":"7788889","id":8} size 152 - 1.236 ms

[11/17/2020, 2:21:00 PM] info: {}
[11/17/2020, 2:21:00 PM] info: POST 400 /api/persons {} body {"name":"wert","number":"7788889","id":6} size 31 - 0.873 ms

[11/17/2020, 2:21:15 PM] info: {}
[11/17/2020, 2:21:15 PM] info: GET 304 /api/persons {} body {} size - - 2.214 ms

[11/17/2020, 2:21:17 PM] info: {}
[11/17/2020, 2:21:17 PM] info: GET 304 /api/persons {} body {} size - - 1.524 ms

[11/17/2020, 2:21:57 PM] info: {}
[11/17/2020, 2:21:57 PM] info: GET 304 /api/persons {} body {} size - - 1.108 ms

[11/17/2020, 2:22:07 PM] info: {}
[11/17/2020, 2:22:07 PM] info: GET 304 /api/persons {} body {} size - - 1.775 ms

[11/17/2020, 2:22:18 PM] info: {}
[11/17/2020, 2:22:18 PM] info: PUT 404 /api/persons/8 {} body {"name":"wert","number":"9989","id":8} size 152 - 1.382 ms

[11/17/2020, 2:22:18 PM] info: {}
[11/17/2020, 2:22:18 PM] info: POST 400 /api/persons {} body {"name":"wert","number":"9989","id":6} size 31 - 0.982 ms

[11/17/2020, 2:22:35 PM] info: {}
[11/17/2020, 2:22:35 PM] info: GET 304 /api/persons {} body {} size - - 1.434 ms

[11/17/2020, 2:27:13 PM] info: {}
[11/17/2020, 2:27:13 PM] info: GET 304 /api/persons {} body {} size - - 1.535 ms

[11/17/2020, 2:27:18 PM] info: {}
[11/17/2020, 2:27:18 PM] info: POST 200 /api/persons {} body {"name":"aa","number":"11","id":6} size 34 - 1.169 ms

[11/17/2020, 2:27:29 PM] info: {}
[11/17/2020, 2:27:29 PM] info: DELETE 204 /api/persons/9 {} body {} size - - 1.564 ms

[11/17/2020, 2:27:43 PM] info: {}
[11/17/2020, 2:27:43 PM] info: GET 200 /api/persons {} body {} size 219 - 1.854 ms

[11/17/2020, 2:27:47 PM] info: {}
[11/17/2020, 2:27:47 PM] info: DELETE 204 /api/persons/6 {} body {} size - - 0.894 ms

[11/17/2020, 2:28:50 PM] info: {}
[11/17/2020, 2:28:50 PM] info: GET 200 /api/persons {} body {} size 182 - 1.155 ms

[11/17/2020, 2:28:53 PM] info: {}
[11/17/2020, 2:28:53 PM] info: GET 304 /api/persons {} body {} size - - 1.658 ms

[11/17/2020, 2:28:58 PM] info: {}
[11/17/2020, 2:28:58 PM] info: POST 200 /api/persons {} body {"name":"qqq","number":"333","id":5} size 36 - 0.926 ms

[11/17/2020, 2:29:02 PM] info: {}
[11/17/2020, 2:29:02 PM] info: DELETE 204 /api/persons/9 {} body {} size - - 1.894 ms

[11/17/2020, 2:36:08 PM] info: {}
[11/17/2020, 2:36:08 PM] info: GET 200 /api/persons {} body {} size 182 - 0.928 ms

[11/17/2020, 2:36:13 PM] info: {}
[11/17/2020, 2:36:13 PM] info: GET 304 /api/persons {} body {} size - - 1.616 ms

[11/17/2020, 2:36:16 PM] info: {}
[11/17/2020, 2:36:16 PM] info: DELETE 204 /api/persons/4 {} body {} size - - 0.971 ms

[11/17/2020, 2:40:08 PM] info: {}
[11/17/2020, 2:40:08 PM] info: GET 200 /api/persons {} body {} size 122 - 1.220 ms

[11/17/2020, 2:40:10 PM] info: {}
[11/17/2020, 2:40:10 PM] info: GET 200 /api/persons {} body {} size 122 - 1.212 ms

[11/17/2020, 2:40:14 PM] info: {}
[11/17/2020, 2:40:14 PM] info: DELETE 204 /api/persons/8 {} body {} size - - 0.982 ms

[11/17/2020, 2:40:18 PM] info: {}
[11/17/2020, 2:40:18 PM] info: DELETE 204 /api/persons/5 {} body {} size - - 1.205 ms

[11/17/2020, 2:43:18 PM] info: {}
[11/17/2020, 2:43:18 PM] info: GET 200 /api/persons {} body {} size 37 - 1.673 ms

[11/17/2020, 2:43:22 PM] info: {}
[11/17/2020, 2:43:22 PM] info: GET 200 /api/persons {} body {} size 37 - 2.031 ms

[11/17/2020, 2:43:26 PM] info: {}
[11/17/2020, 2:43:26 PM] info: GET 304 /api/persons {} body {} size - - 0.980 ms

[11/17/2020, 2:43:30 PM] info: {}
[11/17/2020, 2:43:30 PM] info: DELETE 204 /api/persons/7 {} body {} size - - 2.251 ms

[11/17/2020, 2:44:29 PM] info: {}
[11/17/2020, 2:44:29 PM] info: GET 200 /api/persons {} body {} size 2 - 1.262 ms

[11/17/2020, 2:44:35 PM] info: {}
[11/17/2020, 2:44:35 PM] info: POST 200 /api/persons {} body {"name":"aa","number":"111","id":1} size 35 - 1.608 ms

[11/17/2020, 2:44:44 PM] info: {}
[11/17/2020, 2:44:44 PM] info: DELETE 204 /api/persons/1 {} body {} size - - 1.346 ms

[11/17/2020, 2:44:52 PM] info: {}
[11/17/2020, 2:44:52 PM] info: DELETE 204 /api/persons/1 {} body {} size - - 1.409 ms

[11/17/2020, 2:44:54 PM] info: {}
[11/17/2020, 2:44:54 PM] info: DELETE 204 /api/persons/1 {} body {} size - - 1.379 ms

[11/17/2020, 2:45:02 PM] info: {}
[11/17/2020, 2:45:02 PM] info: GET 200 /api/persons {} body {} size 2 - 1.344 ms

[11/17/2020, 2:45:44 PM] info: {}
[11/17/2020, 2:45:44 PM] info: GET 200 /api/persons {} body {} size 2 - 1.101 ms

[11/17/2020, 2:45:47 PM] info: {}
[11/17/2020, 2:45:47 PM] info: GET 200 /api/persons {} body {} size 2 - 1.312 ms

[11/17/2020, 2:45:51 PM] info: {}
[11/17/2020, 2:45:51 PM] info: POST 200 /api/persons {} body {"name":"wse","number":"222","id":1} size 36 - 1.473 ms

[11/17/2020, 2:45:54 PM] info: {}
[11/17/2020, 2:45:54 PM] info: DELETE 204 /api/persons/1 {} body {} size - - 1.245 ms

[11/17/2020, 2:46:06 PM] info: {}
[11/17/2020, 2:46:06 PM] info: POST 200 /api/persons {} body {"name":"qqqq","number":"2222","id":1} size 38 - 2.310 ms

[11/17/2020, 2:46:14 PM] info: {}
[11/17/2020, 2:46:14 PM] info: DELETE 204 /api/persons/1 {} body {} size - - 0.962 ms

[11/17/2020, 2:47:00 PM] info: {}
[11/17/2020, 2:47:00 PM] info: GET 200 /api/persons {} body {} size 2 - 1.457 ms

[11/17/2020, 2:47:32 PM] info: {}
[11/17/2020, 2:47:32 PM] info: GET 200 /api/persons {} body {} size 2 - 1.727 ms

[11/17/2020, 2:47:38 PM] info: {}
[11/17/2020, 2:47:38 PM] info: POST 200 /api/persons {} body {"name":"qq","number":"22","id":1} size 34 - 1.612 ms

[11/17/2020, 2:47:46 PM] info: {}
[11/17/2020, 2:47:46 PM] info: DELETE 204 /api/persons/1 {} body {} size - - 0.895 ms

[11/17/2020, 2:48:39 PM] info: {}
[11/17/2020, 2:48:39 PM] info: GET 200 /api/persons {} body {} size 2 - 2.006 ms

[11/17/2020, 2:48:53 PM] info: {}
[11/17/2020, 2:48:53 PM] info: POST 200 /api/persons {} body {"name":"as","number":"222","id":1} size 35 - 1.045 ms

[11/17/2020, 2:48:57 PM] info: {}
[11/17/2020, 2:48:57 PM] info: DELETE 204 /api/persons/1 {} body {} size - - 1.304 ms

[11/17/2020, 2:49:06 PM] info: {}
[11/17/2020, 2:49:06 PM] info: POST 200 /api/persons {} body {"name":"qqq","number":"122","id":1} size 36 - 1.046 ms

[11/17/2020, 2:49:15 PM] info: {}
[11/17/2020, 2:49:15 PM] info: POST 400 /api/persons {} body {"name":"qqq","number":"77898","id":2} size 31 - 2.206 ms

[11/17/2020, 2:49:15 PM] info: {}
[11/17/2020, 2:49:15 PM] info: PUT 404 /api/persons/1 {} body {"name":"qqq","number":"77898","id":1} size 152 - 0.912 ms

[11/17/2020, 2:55:49 PM] info: {}
[11/17/2020, 2:55:49 PM] info: GET 200 /api/persons {} body {} size 38 - 1.350 ms

[11/17/2020, 5:01:20 PM] info: {}
[11/17/2020, 5:01:20 PM] info: GET 200 /api/persons {} body {} size 223 - 25.791 ms

[11/17/2020, 5:01:52 PM] info: {}
[11/17/2020, 5:01:52 PM] info: GET 404 /api/notes {} body {} size 148 - 3.227 ms

[11/17/2020, 5:01:52 PM] info: {}
[11/17/2020, 5:01:52 PM] info: GET 404 /api/notes {} body {} size 148 - 1.331 ms

[11/17/2020, 5:02:25 PM] info: {}
[11/17/2020, 5:02:25 PM] info: GET 304 /api/persons {} body {} size - - 1.268 ms

[11/17/2020, 5:02:29 PM] info: {}
[11/17/2020, 5:02:29 PM] info: GET 304 /api/persons {} body {} size - - 2.338 ms

[11/17/2020, 5:02:29 PM] info: {}
[11/17/2020, 5:02:29 PM] info: GET 304 /api/persons {} body {} size - - 1.317 ms

[11/17/2020, 5:05:23 PM] info: {}
[11/17/2020, 5:05:23 PM] info: GET 304 /api/persons {} body {} size - - 2.275 ms

[11/17/2020, 5:05:24 PM] info: {}
[11/17/2020, 5:05:24 PM] info: GET 304 /api/persons {} body {} size - - 2.202 ms

[11/17/2020, 5:05:25 PM] info: {}
[11/17/2020, 5:05:25 PM] info: GET 304 /api/persons {} body {} size - - 1.752 ms

[11/17/2020, 5:05:36 PM] info: {}
[11/17/2020, 5:05:36 PM] info: GET 404 /api/peoples {} body {} size 150 - 1.413 ms

[11/17/2020, 5:05:56 PM] info: {}
[11/17/2020, 5:05:56 PM] info: GET 304 /api/persons {} body {} size - - 1.573 ms

[11/17/2020, 7:31:11 PM] info: {}
[11/17/2020, 7:31:11 PM] info: GET 404 /persons {} body {} size 146 - 24.515 ms

[11/17/2020, 7:32:13 PM] info: {}
[11/17/2020, 7:32:13 PM] info: GET 200 /api/persons {} body {} size 223 - 207.656 ms

[11/17/2020, 7:35:05 PM] info: {}
[11/17/2020, 7:35:07 PM] info: GET - /api/persons {} body {} size - - - ms

[11/17/2020, 7:35:08 PM] info: {}
[11/17/2020, 7:35:08 PM] info: GET 200 /api/persons {} body {} size 81 - 136.474 ms

[11/17/2020, 7:36:25 PM] info: {}
[11/17/2020, 7:36:25 PM] info: GET 304 /api/persons {} body {} size - - 141.080 ms

[11/17/2020, 7:39:02 PM] info: {}
[11/17/2020, 7:39:02 PM] info: GET 200 /api/persons {} body {} size 72 - 202.083 ms

[11/17/2020, 8:04:35 PM] info: {}
[11/17/2020, 8:04:35 PM] info: GET 500 /api/persons {} body {} size 2454 - 25.344 ms

[11/17/2020, 8:04:38 PM] info: {}
[11/17/2020, 8:04:38 PM] info: GET 500 /api/persons {} body {} size 2454 - 2.799 ms

[11/17/2020, 8:05:17 PM] info: {}
[11/17/2020, 8:05:18 PM] info: GET 200 /api/persons {} body {} size 72 - 527.058 ms

[11/17/2020, 8:20:59 PM] info: {}
[11/17/2020, 8:20:59 PM] info: GET 304 /api/persons {} body {} size - - 199.557 ms

[11/17/2020, 8:21:13 PM] info: {}
[11/17/2020, 8:21:13 PM] info: GET 200 /api/persons/5fb40455496dd278dbd1e1a2 {} body {} size 70 - 165.982 ms

[11/17/2020, 8:30:02 PM] info: {}
[11/17/2020, 8:30:10 PM] info: GET - /api/persons/5fb40455496dd278dbd1e1a {} body {} size - - - ms

[11/17/2020, 8:30:10 PM] info: {}
[11/17/2020, 8:32:10 PM] info: GET - /api/persons/5fb40455496dd2 {} body {} size - - - ms

[11/17/2020, 8:32:10 PM] info: {}
[11/17/2020, 8:34:10 PM] info: GET - /api/persons/5fb40455496dd2 {} body {} size - - - ms

[11/17/2020, 8:43:33 PM] info: {}
[11/17/2020, 8:43:39 PM] info: GET - /api/persons/5fb40455496dd2 {} body {} size - - - ms

[11/17/2020, 8:43:39 PM] info: {}
[11/17/2020, 8:43:39 PM] info: GET 200 /api/persons/ {} body {} size 72 - 151.916 ms

[11/17/2020, 9:35:30 PM] info: {}
[11/17/2020, 9:35:30 PM] info: GET 304 /api/persons/ {} body {} size - - 189.021 ms

[11/17/2020, 9:35:40 PM] info: {}
[11/17/2020, 9:35:40 PM] info: GET 304 /api/persons/5fb40455496dd278dbd1e1a2 {} body {} size - - 158.997 ms

[11/17/2020, 9:36:25 PM] info: {}
[11/17/2020, 9:36:25 PM] info: POST 500 /api/persons/ {} body {"name":"00","number":"040-123456"} size 2458 - 3.569 ms

[11/17/2020, 9:37:09 PM] info: {}
[11/17/2020, 9:37:09 PM] info: POST 500 /api/persons/ {} body {"name":"00","number":"040-123456"} size 2458 - 3.783 ms

[11/17/2020, 9:42:44 PM] info: {}
[11/17/2020, 9:42:44 PM] info: POST 200 /api/persons/ {} body {"name":"00","number":"040-123456"} size 67 - 332.295 ms

[11/17/2020, 9:43:00 PM] info: {}
[11/17/2020, 9:43:01 PM] info: POST 200 /api/persons/ {} body {"name":"Alisa","number":"040-123456"} size 70 - 167.792 ms

[11/17/2020, 9:43:12 PM] info: {}
[11/17/2020, 9:43:13 PM] info: GET 200 /api/persons/ {} body {} size 211 - 154.694 ms

[11/17/2020, 9:43:23 PM] info: {}
[11/17/2020, 9:43:24 PM] info: GET 200 /api/persons/5fb427b48d6f91164096f234 {} body {} size 67 - 167.345 ms

[11/17/2020, 9:43:31 PM] info: {}
[11/17/2020, 9:43:32 PM] info: POST 400 /api/persons/ {} body {"name":"Alisa","number":"040-123456"} size 35 - 184.294 ms

[11/17/2020, 9:43:42 PM] info: {}
[11/17/2020, 9:43:42 PM] info: POST 200 /api/persons/ {} body {"name":"Alis","number":"040-123456"} size 69 - 159.001 ms

[11/17/2020, 9:43:58 PM] info: {}
[11/17/2020, 9:43:58 PM] info: PUT 404 /api/persons/ {} body {"name":"Alis","number":"040-123456"} size 151 - 2.252 ms

[11/17/2020, 9:51:26 PM] info: {}
[11/17/2020, 9:51:26 PM] info: PUT 400 /api/persons/040-123456 {} body {"number":"03456"} size 27 - 36.542 ms

[11/17/2020, 9:51:42 PM] info: {}
[11/17/2020, 9:51:42 PM] info: GET 304 /api/persons/5fb40455496dd278dbd1e1a2 {} body {} size - - 169.679 ms

[11/17/2020, 9:51:46 PM] info: {}
[11/17/2020, 9:51:46 PM] info: GET 200 /api/persons/ {} body {} size 352 - 169.696 ms

[11/17/2020, 9:52:06 PM] info: {}
[11/17/2020, 9:52:06 PM] info: PUT 200 /api/persons/5fb427e38d6f91164096f236 {} body {"number":"03456"} size 65 - 216.243 ms

[11/18/2020, 8:01:56 PM] info: {}
[11/18/2020, 8:01:56 PM] info: GET 200 /api/persons {} body {} size 347 - 485.726 ms

[11/18/2020, 8:49:03 PM] info: {}
[11/18/2020, 8:49:04 PM] info: GET 304 /api/persons/5fb40455496dd278dbd1e1a2 {} body {} size - - 752.866 ms

[11/18/2020, 9:00:41 PM] info: {}
[11/18/2020, 9:00:41 PM] info: PUT 200 /api/persons/5fb427e38d6f91164096f236 {} body {"number":"03456"} size 65 - 186.889 ms

[11/18/2020, 9:00:52 PM] info: {}
[11/18/2020, 9:00:53 PM] info: POST 400 /api/persons/ {} body {"name":"Alis","number":"040-123456"} size 35 - 618.811 ms

[11/18/2020, 9:01:09 PM] info: {}
[11/18/2020, 9:01:10 PM] info: POST 200 /api/persons/ {} body {"name":"Fred","number":"040-1230456"} size 70 - 174.235 ms

[11/18/2020, 9:07:51 PM] info: {}
[11/18/2020, 9:07:52 PM] info: GET 304 /api/persons/5fb40455496dd278dbd1e1a2 {} body {} size - - 1269.969 ms

[11/18/2020, 9:07:58 PM] info: {}
[11/18/2020, 9:07:59 PM] info: GET 200 /api/persons {} body {} size 488 - 621.256 ms

[11/18/2020, 9:08:03 PM] info: {}
[11/18/2020, 9:08:03 PM] info: DELETE 204 /api/persons/5fb40455496dd278dbd1e1a2 {} body {} size - - 540.339 ms

[11/18/2020, 9:08:18 PM] info: {}
[11/18/2020, 9:08:18 PM] info: {}
[11/18/2020, 9:08:19 PM] info: PUT 200 /api/persons/5fb427c48d6f91164096f235 {} body {"name":"Alisa","number":"89909","id":"5fb427c48d6f91164096f235"} size 65 - 152.405 ms

[11/18/2020, 9:08:19 PM] info: POST 400 /api/persons {} body {"name":"Alisa","number":"89909","id":7} size 35 - 279.680 ms

[11/18/2020, 9:08:29 PM] info: {}
[11/18/2020, 9:08:30 PM] info: GET 200 /api/persons {} body {} size 478 - 1060.134 ms

[11/18/2020, 9:08:35 PM] info: {}
[11/18/2020, 9:08:35 PM] info: DELETE 204 /api/persons/5fb427b48d6f91164096f234 {} body {} size - - 239.521 ms

[11/18/2020, 9:08:51 PM] info: {}
[11/18/2020, 9:08:51 PM] info: {}
[11/18/2020, 9:08:51 PM] info: POST 400 /api/persons {} body {"name":"Alisa","number":"999999","id":7} size 35 - 150.813 ms

[11/18/2020, 9:08:51 PM] info: PUT 200 /api/persons/5fb427c48d6f91164096f235 {} body {"name":"Alisa","number":"999999","id":"5fb427c48d6f91164096f235"} size 66 - 158.413 ms

[11/18/2020, 9:09:12 PM] info: {}
[11/18/2020, 9:09:13 PM] info: POST 200 /api/persons {} body {"name":"888","number":"77","id":7} size 60 - 1165.041 ms

[11/18/2020, 9:14:41 PM] info: {}
[11/18/2020, 9:14:41 PM] info: DELETE 204 /api/persons/5fb56f7591362428673948b9 {} body {} size - - 134.038 ms

[11/18/2020, 9:14:45 PM] info: {}
[11/18/2020, 9:14:45 PM] info: GET 200 /api/persons {} body {} size 468 - 134.238 ms

[11/18/2020, 9:15:10 PM] info: {}
[11/18/2020, 9:15:10 PM] info: {}
[11/18/2020, 9:15:10 PM] info: PUT 200 /api/persons/5fb427c48d6f91164096f235 {} body {"name":"Alisa","number":"999999","id":"5fb427c48d6f91164096f235"} size 66 - 157.929 ms

[11/18/2020, 9:15:10 PM] info: POST 400 /api/persons {} body {"name":"Alisa","number":"999999","id":8} size 35 - 160.904 ms

[11/18/2020, 9:17:49 PM] info: {}
[11/18/2020, 9:17:49 PM] info: DELETE 204 /api/persons/5fb427c48d6f91164096f235 {} body {} size - - 135.082 ms

[11/18/2020, 9:17:54 PM] info: {}
[11/18/2020, 9:17:55 PM] info: DELETE 204 /api/persons/5fb427e38d6f91164096f236 {} body {} size - - 151.672 ms

[11/18/2020, 9:17:59 PM] info: {}
[11/18/2020, 9:17:59 PM] info: DELETE 204 /api/persons/5fb571229675a52b510e3ed3 {} body {} size - - 135.717 ms

[11/18/2020, 9:18:02 PM] info: {}
[11/18/2020, 9:18:02 PM] info: DELETE 204 /api/persons/5fb571439675a52b510e3ed4 {} body {} size - - 148.819 ms

[11/18/2020, 9:18:04 PM] info: {}
[11/18/2020, 9:18:04 PM] info: DELETE 204 /api/persons/5fb427ee8d6f91164096f237 {} body {} size - - 137.563 ms

[11/18/2020, 9:18:17 PM] info: {}
[11/18/2020, 9:18:17 PM] info: POST 200 /api/persons {} body {"name":"999999","number":"888","id":3} size 64 - 146.492 ms

[11/18/2020, 9:19:40 PM] info: {}
[11/18/2020, 9:19:41 PM] info: POST 200 /api/persons {} body {"name":"wert","number":"7777","id":4} size 63 - 214.871 ms

[11/18/2020, 9:20:44 PM] info: {}
[11/18/2020, 9:20:44 PM] info: POST 400 /api/persons {} body {"name":"returnedPerson","number":"","id":5} size 34 - 1.194 ms

[11/18/2020, 9:20:55 PM] info: {}
[11/18/2020, 9:20:55 PM] info: POST 200 /api/persons {} body {"name":"returnedPerson","number":"77787","id":5} size 74 - 137.189 ms

[11/18/2020, 9:21:14 PM] info: {}
[11/18/2020, 9:21:14 PM] info: {}
[11/18/2020, 9:21:14 PM] info: POST 400 /api/persons {} body {"name":"returnedPerson","number":"8888","id":6} size 35 - 682.917 ms

[11/18/2020, 9:21:14 PM] info: PUT 200 /api/persons/5fb574179675a52b510e3eda {} body {"name":"returnedPerson","number":"8888","id":"5fb574179675a52b510e3eda"} size 73 - 691.433 ms

[11/18/2020, 9:25:28 PM] info: {}
[11/18/2020, 9:25:28 PM] info: GET 200 /api/persons {} body {} size 476 - 253.024 ms

[11/18/2020, 9:25:30 PM] info: {}
[11/18/2020, 9:25:31 PM] info: DELETE 204 /api/persons/5fb56f6491362428673948b8 {} body {} size - - 710.635 ms

[11/18/2020, 9:25:34 PM] info: {}
[11/18/2020, 9:25:34 PM] info: DELETE 204 /api/persons/5fb571589675a52b510e3ed5 {} body {} size - - 153.548 ms

[11/18/2020, 9:25:39 PM] info: {}
[11/18/2020, 9:25:39 PM] info: DELETE 204 /api/persons/5fb5742a9675a52b510e3edb {} body {} size - - 139.896 ms

[11/18/2020, 9:25:49 PM] info: {}
[11/18/2020, 9:25:49 PM] info: PUT 200 /api/persons/5fb574179675a52b510e3eda {} body {"name":"returnedPerson","number":"22","id":"5fb574179675a52b510e3eda"} size 71 - 147.657 ms

[11/18/2020, 9:26:11 PM] info: {}
[11/18/2020, 9:26:11 PM] info: PUT 200 /api/persons/5fb573cc9675a52b510e3ed8 {} body {"name":"wert","number":"22222","id":"5fb573cc9675a52b510e3ed8"} size 64 - 149.890 ms

[11/18/2020, 9:26:19 PM] info: {}
[11/18/2020, 9:26:19 PM] info: POST 200 /api/persons {} body {"name":"qwe","number":"123","id":5} size 61 - 362.096 ms

[11/18/2020, 9:26:41 PM] info: {}
[11/18/2020, 9:26:41 PM] info: GET 200 /api/persons {} body {} size 332 - 152.024 ms

[11/18/2020, 9:26:47 PM] info: {}
[11/18/2020, 9:26:48 PM] info: DELETE 204 /api/persons/5fb572be9675a52b510e3ed6 {} body {} size - - 1067.662 ms

[11/18/2020, 9:26:52 PM] info: {}
[11/18/2020, 9:26:52 PM] info: DELETE 204 /api/persons/5fb572be9675a52b510e3ed6 {} body {} size - - 137.704 ms

[11/18/2020, 9:28:26 PM] info: {}
[11/18/2020, 9:28:26 PM] info: POST 200 /api/persons {} body {"name":"q","number":"222","id":5} size 59 - 153.103 ms

[11/18/2020, 9:36:07 PM] info: {}
[11/18/2020, 9:36:07 PM] info: GET 200 /api/persons {} body {} size 325 - 170.538 ms

[11/18/2020, 9:36:17 PM] info: {}
[11/18/2020, 9:36:18 PM] info: PUT 200 /api/persons/5fb575dab2738b30437b8f20 {} body {"name":"q","number":"11","id":"5fb575dab2738b30437b8f20"} size 58 - 1188.389 ms

[11/18/2020, 9:37:32 PM] info: {}
[11/18/2020, 9:37:32 PM] info: GET 200 /api/persons {} body {} size 324 - 168.992 ms

[11/18/2020, 9:37:36 PM] info: {}
[11/18/2020, 9:37:36 PM] info: DELETE 204 /api/persons/5fb573799675a52b510e3ed7 {} body {} size - - 155.048 ms

[11/18/2020, 9:37:39 PM] info: {}
[11/18/2020, 9:37:39 PM] info: DELETE 204 /api/persons/5fb575dab2738b30437b8f20 {} body {} size - - 147.752 ms

[11/18/2020, 9:37:45 PM] info: {}
[11/18/2020, 9:37:47 PM] info: POST 400 /api/persons {} body {"name":"ee","number":"22","id":4} size 188 - 1685.596 ms

[11/18/2020, 9:41:45 PM] info: {}
[11/18/2020, 9:41:46 PM] info: GET 200 /api/persons {} body {} size 200 - 986.457 ms

[11/18/2020, 9:42:32 PM] info: {}
[11/18/2020, 9:42:32 PM] info: GET 200 /api/persons {} body {} size 200 - 148.256 ms

[11/18/2020, 9:42:44 PM] info: {}
[11/18/2020, 9:42:45 PM] info: POST 200 /api/persons {} body {"name":"alisa","number":"34567890","id":4} size 68 - 541.688 ms

[11/18/2020, 9:42:55 PM] info: {}
[11/18/2020, 9:42:55 PM] info: POST 400 /api/persons {} body {"name":"er","number":"66","id":5} size 188 - 150.549 ms

[11/18/2020, 9:43:29 PM] info: {}
[11/18/2020, 9:43:29 PM] info: GET 200 /api/persons {} body {} size 269 - 133.611 ms

[11/18/2020, 9:43:38 PM] info: {}
[11/18/2020, 9:43:38 PM] info: POST 400 /api/persons {} body {"name":"aa","number":"111","id":5} size 189 - 144.165 ms

[11/18/2020, 9:47:59 PM] info: {}
[11/18/2020, 9:47:59 PM] info: GET 200 /api/persons {} body {} size 269 - 161.680 ms

[11/18/2020, 9:48:13 PM] info: {}
[11/18/2020, 9:48:13 PM] info: POST 200 /api/persons {} body {"name":"tert","number":"333388888","id":5} size 68 - 575.744 ms

[11/18/2020, 9:48:18 PM] info: {}
[11/18/2020, 9:48:18 PM] info: DELETE 204 /api/persons/5fb57a7daf596b36a48ab887 {} body {} size - - 146.332 ms

[11/18/2020, 9:48:35 PM] info: {}
[11/18/2020, 9:48:36 PM] info: PUT 200 /api/persons/5fb573cc9675a52b510e3ed8 {} body {"name":"wert","number":"77777777777","id":"5fb573cc9675a52b510e3ed8"} size 70 - 719.079 ms

[11/18/2020, 9:48:45 PM] info: {}
[11/18/2020, 9:48:45 PM] info: POST 400 /api/persons {} body {"name":"ty","number":"666","id":5} size 189 - 154.685 ms

[11/18/2020, 9:49:13 PM] info: {}
[11/18/2020, 9:49:13 PM] info: PUT 200 /api/persons/5fb573cc9675a52b510e3ed8 {} body {"name":"wert","number":"666","id":"5fb573cc9675a52b510e3ed8"} size 62 - 145.285 ms

[11/18/2020, 9:49:32 PM] info: {}
[11/18/2020, 9:49:32 PM] info: PUT 200 /api/persons/5fb5755bb2738b30437b8f1f {} body {"name":"qwe","number":"44","id":"5fb5755bb2738b30437b8f1f"} size 60 - 157.807 ms

[11/18/2020, 9:49:43 PM] info: {}
[11/18/2020, 9:49:43 PM] info: POST 400 /api/persons {} body {"name":"asd","number":"55","id":5} size 114 - 285.684 ms

[11/18/2020, 9:52:21 PM] info: {}
[11/18/2020, 9:52:24 PM] info: GET 200 /api/persons {} body {} size 266 - 3086.266 ms

[11/18/2020, 9:54:40 PM] info: {}
[11/18/2020, 9:54:40 PM] info: GET 304 /api/persons {} body {} size - - 264.939 ms

[11/18/2020, 9:54:48 PM] info: {}
[11/18/2020, 9:54:48 PM] info: POST 400 /api/persons {} body {"name":"we","number":"66","id":5} size 188 - 270.939 ms

[11/18/2020, 9:55:03 PM] info: {}
[11/18/2020, 9:55:04 PM] info: PUT 200 /api/persons/5fb573cc9675a52b510e3ed8 {} body {"name":"wert","number":"663","id":"5fb573cc9675a52b510e3ed8"} size 62 - 1152.855 ms

[11/18/2020, 9:55:25 PM] info: {}
[11/18/2020, 9:55:26 PM] info: DELETE 204 /api/persons/5fb573cc9675a52b510e3ed8 {} body {} size - - 1127.475 ms

[11/18/2020, 9:55:32 PM] info: {}
[11/18/2020, 9:55:32 PM] info: DELETE 204 /api/persons/5fb5755bb2738b30437b8f1f {} body {} size - - 141.776 ms

[11/18/2020, 9:55:40 PM] info: {}
[11/18/2020, 9:55:40 PM] info: POST 400 /api/persons {} body {"name":"we","number":"","id":3} size 34 - 1.393 ms

[11/18/2020, 9:55:46 PM] info: {}
[11/18/2020, 9:55:46 PM] info: POST 400 /api/persons {} body {"name":"we","number":"qqqq","id":3} size 190 - 137.089 ms

[11/18/2020, 9:56:04 PM] info: {}
[11/18/2020, 9:56:05 PM] info: POST 200 /api/persons {} body {"name":"wert","number":"qqqq45667778","id":3} size 71 - 911.649 ms

[11/18/2020, 9:56:06 PM] info: {}
[11/18/2020, 9:56:06 PM] info: POST 400 /api/persons {} body {"name":"","number":"","id":4} size 34 - 2.481 ms

[11/18/2020, 9:56:20 PM] info: {}
[11/18/2020, 9:56:21 PM] info: POST 200 /api/persons {} body {"name":"qwe","number":"12345678","id":4} size 66 - 377.823 ms

[11/18/2020, 9:56:33 PM] info: {}
[11/18/2020, 9:56:34 PM] info: PUT 200 /api/persons/5fb57c64e34e9438010a4327 {} body {"name":"qwe","number":"22","id":"5fb57c64e34e9438010a4327"} size 60 - 194.996 ms

[11/18/2020, 9:59:18 PM] info: {}
[11/18/2020, 9:59:18 PM] info: GET 200 /api/persons {} body {} size 275 - 145.155 ms

[11/18/2020, 9:59:22 PM] info: {}
[11/18/2020, 9:59:22 PM] info: DELETE 204 /api/persons/5fb57c64e34e9438010a4327 {} body {} size - - 140.971 ms

[11/18/2020, 9:59:46 PM] info: {}
[11/18/2020, 9:59:46 PM] info: PUT 200 /api/persons/5fb57934a3b01234776fced3 {} body {"name":"alisa","number":"4444","id":"5fb57934a3b01234776fced3"} size 64 - 145.220 ms

[11/18/2020, 9:59:57 PM] info: {}
[11/18/2020, 9:59:57 PM] info: POST 400 /api/persons {} body {"name":"rty","number":"66666","id":4} size 117 - 139.467 ms

[11/18/2020, 10:27:39 PM] info: {}
[11/18/2020, 10:27:39 PM] info: GET 200 /api/persons {} body {} size 210 - 151.220 ms

[11/18/2020, 10:27:51 PM] info: {}
[11/18/2020, 10:27:52 PM] info: DELETE 204 /api/persons/5fb57934a3b01234776fced3 {} body {} size - - 713.117 ms

[11/18/2020, 10:28:03 PM] info: {}
[11/18/2020, 10:28:03 PM] info: POST 200 /api/persons {} body {"name":"alisa","number":"44454565676","id":3} size 71 - 662.247 ms

[11/18/2020, 10:28:33 PM] info: {}
[11/18/2020, 10:28:34 PM] info: PUT 200 /api/persons/5fb583d3e5221a3db7cb0797 {} body {"name":"alisa","number":"678909","id":"5fb583d3e5221a3db7cb0797"} size 66 - 489.358 ms

[11/18/2020, 10:37:13 PM] info: {}
[11/18/2020, 10:37:13 PM] info: GET 200 /api/persons {} body {} size 212 - 169.476 ms

[11/18/2020, 10:37:41 PM] info: {}
[11/18/2020, 10:37:42 PM] info: GET 200 /api/persons {} body {} size 212 - 175.641 ms

[11/18/2020, 10:37:52 PM] info: {}
[11/18/2020, 10:37:52 PM] info: POST 400 /api/persons {} body {"name":"ad","number":"345","id":4} size 189 - 253.330 ms

[11/18/2020, 10:38:09 PM] info: {}
[11/18/2020, 10:38:09 PM] info: PUT 400 /api/persons/5fb583d3e5221a3db7cb0797 {} body {"name":"alisa","number":"345","id":"5fb583d3e5221a3db7cb0797"} size 108 - 6.977 ms

[11/18/2020, 10:38:16 PM] info: {}
[11/18/2020, 10:38:17 PM] info: GET 304 /api/persons {} body {} size - - 186.242 ms

[11/18/2020, 10:39:07 PM] info: {}
[11/18/2020, 10:39:07 PM] info: DELETE 204 /api/persons/5fb583d3e5221a3db7cb0797 {} body {} size - - 140.901 ms

[11/18/2020, 10:39:10 PM] info: {}
[11/18/2020, 10:39:10 PM] info: DELETE 204 /api/persons/5fb574179675a52b510e3eda {} body {} size - - 127.881 ms

[11/18/2020, 10:39:12 PM] info: {}
[11/18/2020, 10:39:12 PM] info: DELETE 204 /api/persons/5fb57c54e34e9438010a4325 {} body {} size - - 202.135 ms

[11/18/2020, 10:39:30 PM] info: {}
[11/18/2020, 10:39:30 PM] info: POST 200 /api/persons {} body {"name":"Alisa ","number":"123-567-678","id":1} size 72 - 479.889 ms

[11/18/2020, 10:39:48 PM] info: {}
[11/18/2020, 10:39:49 PM] info: GET 200 /api/persons {} body {} size 74 - 984.023 ms

[11/18/2020, 11:10:08 PM] info: {}
[11/18/2020, 11:10:11 PM] info: GET 304 /api/persons {} body {} size - - 2739.578 ms

[11/18/2020, 11:10:21 PM] info: {}
[11/18/2020, 11:10:21 PM] info: POST 200 /api/persons {} body {"name":"Alisa","number":"12356667","id":2} size 68 - 302.225 ms

[11/18/2020, 11:10:31 PM] info: {}
[11/18/2020, 11:10:31 PM] info: DELETE 204 /api/persons/5fb58dbd6017fc4876dbc946 {} body {} size - - 144.770 ms

[11/18/2020, 11:10:39 PM] info: {}
[11/18/2020, 11:10:39 PM] info: POST 400 /api/persons {} body {"name":"Fred","number":"11","id":2} size 114 - 719.674 ms

[11/18/2020, 11:10:49 PM] info: {}
[11/18/2020, 11:10:50 PM] info: POST 200 /api/persons {} body {"name":"Fred","number":"11-00-88-88","id":2} size 70 - 966.363 ms

[11/18/2020, 11:11:35 PM] info: {}
[11/18/2020, 11:11:35 PM] info: PUT 200 /api/persons/5fb58dd96017fc4876dbc948 {} body {"name":"Fred","number":"11-00-88-88","id":"5fb58dd96017fc4876dbc948"} size 70 - 151.081 ms

[11/18/2020, 11:11:50 PM] info: {}
[11/18/2020, 11:11:50 PM] info: PUT 400 /api/persons/5fb58dd96017fc4876dbc948 {} body {"name":"Fred","number":"11","id":"5fb58dd96017fc4876dbc948"} size 107 - 3.236 ms

